==============================================================
Vivado(TM) HLS - High-Level Synthesis from C, C++ and SystemC v2019.1 (64-bit)
Copyright 1986-2019 Xilinx, Inc. All Rights Reserved.
==============================================================
INFO: [HLS 200-10] Opening and resetting solution '/afs/cern.ch/user/a/addropul/CMSSW_10_6_0_pre4/src/L1Trigger/Run3Ntuplizer/test/conifer/prj_239749/my_prj_prj/solution1'.
INFO: [HLS 200-10] Cleaning up the solution database.
==============================================================
Vivado(TM) HLS - High-Level Synthesis from C, C++ and SystemC v2019.1 (64-bit)
Copyright 1986-2019 Xilinx, Inc. All Rights Reserved.
==============================================================
==============================================================
Vivado(TM) HLS - High-Level Synthesis from C, C++ and SystemC v2019.1 (64-bit)
Copyright 1986-2019 Xilinx, Inc. All Rights Reserved.
==============================================================
INFO: [SYN 201-201] Setting up clock 'default' with a period of 5ns.
INFO: [HLS 200-10] Setting target device to 'xcvu9p-flgb2104-2L-e'
INFO: [HLS 200-10] Opening and resetting solution '/afs/cern.ch/user/a/addropul/CMSSW_10_6_0_pre4/src/L1Trigger/Run3Ntuplizer/test/conifer/prj_239749/my_prj_prj/solution1'.
INFO: [HLS 200-10] Cleaning up the solution database.
==============================================================
Vivado(TM) HLS - High-Level Synthesis from C, C++ and SystemC v2019.1 (64-bit)
Copyright 1986-2019 Xilinx, Inc. All Rights Reserved.
==============================================================
INFO: [SYN 201-201] Setting up clock 'default' with a period of 5ns.
INFO: [SCHED 204-61] Option 'relax_ii_for_timing' is enabled, will increase II to preserve clock frequency constraints.
INFO: [HLS 200-10] Analyzing design file 'firmware/my_prj.cpp' ... 
INFO: [HLS 200-111] Finished Linking Time (s): cpu = 00:00:18 ; elapsed = 00:00:20 . Memory (MB): peak = 879.473 ; gain = 192.207 ; free physical = 13564 ; free virtual = 43378
INFO: [HLS 200-111] Finished Checking Pragmas Time (s): cpu = 00:00:18 ; elapsed = 00:00:20 . Memory (MB): peak = 879.473 ; gain = 192.207 ; free physical = 13564 ; free virtual = 43378
INFO: [HLS 200-10] Starting code transformations ...
INFO: [HLS 200-111] Finished Standard Transforms Time (s): cpu = 00:00:20 ; elapsed = 00:00:22 . Memory (MB): peak = 879.473 ; gain = 192.207 ; free physical = 13554 ; free virtual = 43371
INFO: [HLS 200-10] Checking synthesizability ...
INFO: [XFORM 203-602] Inlining function 'BDT::fn_classes' into 'BDT::BDT<4, 3, 2, ap_fixed<18, 8, (ap_q_mode)5, (ap_o_mode)3, 0> [5], ap_fixed<18, 8, (ap_q_mode)5, (ap_o_mode)3, 0>, ap_fixed<18, 8, (ap_q_mode)5, (ap_o_mode)3, 0> >::decision_function' (firmware/BDT.h:119) automatically.
INFO: [HLS 200-111] Finished Checking Synthesizability Time (s): cpu = 00:00:20 ; elapsed = 00:00:22 . Memory (MB): peak = 879.473 ; gain = 192.207 ; free physical = 13549 ; free virtual = 43367
INFO: [XFORM 203-502] Unrolling all loops for pipelining in function 'BDT::BDT<4, 3, 2, ap_fixed<18, 8, (ap_q_mode)5, (ap_o_mode)3, 0> [5], ap_fixed<18, 8, (ap_q_mode)5, (ap_o_mode)3, 0>, ap_fixed<18, 8, (ap_q_mode)5, (ap_o_mode)3, 0> >::decision_function' (firmware/BDT.h:117).
INFO: [XFORM 203-502] Unrolling all loops for pipelining in function 'BDT::Tree<3, ap_fixed<18, 8, (ap_q_mode)5, (ap_o_mode)3, 0> [5], ap_fixed<18, 8, (ap_q_mode)5, (ap_o_mode)3, 0>, ap_fixed<18, 8, (ap_q_mode)5, (ap_o_mode)3, 0> >::decision_function' (firmware/BDT.h:38).
INFO: [HLS 200-489] Unrolling loop 'Loop-1' (firmware/BDT.h:119) in function 'BDT::BDT<4, 3, 2, ap_fixed<18, 8, (ap_q_mode)5, (ap_o_mode)3, 0> [5], ap_fixed<18, 8, (ap_q_mode)5, (ap_o_mode)3, 0>, ap_fixed<18, 8, (ap_q_mode)5, (ap_o_mode)3, 0> >::decision_function' completely with a factor of 1.
INFO: [HLS 200-489] Unrolling loop 'Trees' (firmware/BDT.h:123) in function 'BDT::BDT<4, 3, 2, ap_fixed<18, 8, (ap_q_mode)5, (ap_o_mode)3, 0> [5], ap_fixed<18, 8, (ap_q_mode)5, (ap_o_mode)3, 0>, ap_fixed<18, 8, (ap_q_mode)5, (ap_o_mode)3, 0> >::decision_function' completely with a factor of 4.
INFO: [HLS 200-489] Unrolling loop 'Classes' (firmware/BDT.h:125) in function 'BDT::BDT<4, 3, 2, ap_fixed<18, 8, (ap_q_mode)5, (ap_o_mode)3, 0> [5], ap_fixed<18, 8, (ap_q_mode)5, (ap_o_mode)3, 0>, ap_fixed<18, 8, (ap_q_mode)5, (ap_o_mode)3, 0> >::decision_function' completely with a factor of 1.
INFO: [HLS 200-489] Unrolling loop 'Loop-3' (firmware/BDT.h:131) in function 'BDT::BDT<4, 3, 2, ap_fixed<18, 8, (ap_q_mode)5, (ap_o_mode)3, 0> [5], ap_fixed<18, 8, (ap_q_mode)5, (ap_o_mode)3, 0>, ap_fixed<18, 8, (ap_q_mode)5, (ap_o_mode)3, 0> >::decision_function' completely with a factor of 1.
INFO: [HLS 200-489] Unrolling loop 'Compare' (firmware/BDT.h:66) in function 'BDT::Tree<3, ap_fixed<18, 8, (ap_q_mode)5, (ap_o_mode)3, 0> [5], ap_fixed<18, 8, (ap_q_mode)5, (ap_o_mode)3, 0>, ap_fixed<18, 8, (ap_q_mode)5, (ap_o_mode)3, 0> >::decision_function' completely with a factor of 15.
INFO: [HLS 200-489] Unrolling loop 'Activate' (firmware/BDT.h:78) in function 'BDT::Tree<3, ap_fixed<18, 8, (ap_q_mode)5, (ap_o_mode)3, 0> [5], ap_fixed<18, 8, (ap_q_mode)5, (ap_o_mode)3, 0>, ap_fixed<18, 8, (ap_q_mode)5, (ap_o_mode)3, 0> >::decision_function' completely with a factor of 15.
INFO: [HLS 200-489] Unrolling loop 'Loop-3' (firmware/BDT.h:100) in function 'BDT::Tree<3, ap_fixed<18, 8, (ap_q_mode)5, (ap_o_mode)3, 0> [5], ap_fixed<18, 8, (ap_q_mode)5, (ap_o_mode)3, 0>, ap_fixed<18, 8, (ap_q_mode)5, (ap_o_mode)3, 0> >::decision_function' completely with a factor of 8.
INFO: [XFORM 203-101] Partitioning array 'x.V' (firmware/my_prj.cpp:4) in dimension 1 completely.
INFO: [XFORM 203-101] Partitioning array 'score.V' (firmware/my_prj.cpp:4) in dimension 1 completely.
INFO: [XFORM 203-101] Partitioning array 'bdt.trees.feature'  in dimension 1 completely.
INFO: [XFORM 203-101] Partitioning array 'bdt.trees.threshold.V'  in dimension 1 completely.
INFO: [XFORM 203-101] Partitioning array 'bdt.trees.value.V'  in dimension 1 completely.
INFO: [XFORM 203-101] Partitioning array 'bdt.trees.children_left'  in dimension 1 completely.
INFO: [XFORM 203-101] Partitioning array 'bdt.trees.children_right'  in dimension 1 completely.
INFO: [XFORM 203-101] Partitioning array 'bdt.trees.parent'  in dimension 1 completely.
INFO: [XFORM 203-101] Partitioning array 'comparison' (firmware/BDT.h:55) in dimension 1 completely.
INFO: [XFORM 203-101] Partitioning array 'activation' (firmware/BDT.h:56) in dimension 1 completely.
INFO: [XFORM 203-101] Partitioning array 'activation_leaf' (firmware/BDT.h:57) in dimension 1 completely.
INFO: [XFORM 203-101] Partitioning array 'value_leaf.V' (firmware/BDT.h:58) in dimension 1 completely.
INFO: [XFORM 203-101] Partitioning array 'bdt.trees.feature'  in dimension 2 completely.
INFO: [XFORM 203-101] Partitioning array 'bdt.trees.threshold.V'  in dimension 2 completely.
INFO: [XFORM 203-101] Partitioning array 'bdt.trees.value.V'  in dimension 2 completely.
INFO: [XFORM 203-101] Partitioning array 'bdt.trees.children_left'  in dimension 2 completely.
INFO: [XFORM 203-101] Partitioning array 'bdt.trees.children_right'  in dimension 2 completely.
INFO: [XFORM 203-101] Partitioning array 'bdt.trees.parent'  in dimension 2 completely.
INFO: [XFORM 203-101] Partitioning array 'bdt.trees.feature'  in dimension 3 completely.
INFO: [XFORM 203-101] Partitioning array 'bdt.trees.threshold.V'  in dimension 3 completely.
INFO: [XFORM 203-101] Partitioning array 'bdt.trees.value.V'  in dimension 3 completely.
INFO: [XFORM 203-101] Partitioning array 'bdt.trees.children_left'  in dimension 3 completely.
INFO: [XFORM 203-101] Partitioning array 'bdt.trees.children_right'  in dimension 3 completely.
INFO: [XFORM 203-101] Partitioning array 'bdt.trees.parent'  in dimension 3 completely.
INFO: [XFORM 203-602] Inlining function 'BDT::BDT<4, 3, 2, ap_fixed<18, 8, (ap_q_mode)5, (ap_o_mode)3, 0> [5], ap_fixed<18, 8, (ap_q_mode)5, (ap_o_mode)3, 0>, ap_fixed<18, 8, (ap_q_mode)5, (ap_o_mode)3, 0> >::decision_function' into 'my_prj' (firmware/my_prj.cpp:9) automatically.
INFO: [XFORM 203-401] Performing if-conversion on hyperblock to (firmware/BDT.h:106:2) in function 'BDT::Tree<3, ap_fixed<18, 8, (ap_q_mode)5, (ap_o_mode)3, 0> [5], ap_fixed<18, 8, (ap_q_mode)5, (ap_o_mode)3, 0>, ap_fixed<18, 8, (ap_q_mode)5, (ap_o_mode)3, 0> >::decision_function'... converting 327 basic blocks.
INFO: [XFORM 203-11] Balancing expressions in function 'my_prj' (firmware/my_prj.cpp:4)...3 expression(s) balanced.
INFO: [HLS 200-111] Finished Pre-synthesis Time (s): cpu = 00:00:24 ; elapsed = 00:00:26 . Memory (MB): peak = 879.473 ; gain = 192.207 ; free physical = 13503 ; free virtual = 43323
WARNING: [XFORM 203-631] Renaming function 'BDT::Tree<3, ap_fixed<18, 8, (ap_q_mode)5, (ap_o_mode)3, 0> [5], ap_fixed<18, 8, (ap_q_mode)5, (ap_o_mode)3, 0>, ap_fixed<18, 8, (ap_q_mode)5, (ap_o_mode)3, 0> >::decision_function' to 'decision_function' (firmware/BDT.h:38)
INFO: [HLS 200-111] Finished Architecture Synthesis Time (s): cpu = 00:00:25 ; elapsed = 00:00:27 . Memory (MB): peak = 879.473 ; gain = 192.207 ; free physical = 13510 ; free virtual = 43331
INFO: [HLS 200-10] Starting hardware synthesis ...
INFO: [HLS 200-10] Synthesizing 'my_prj' ...
INFO: [HLS 200-10] ----------------------------------------------------------------
INFO: [HLS 200-42] -- Implementing module 'decision_function' 
INFO: [HLS 200-10] ----------------------------------------------------------------
INFO: [SCHED 204-11] Starting scheduling ...
INFO: [SCHED 204-61] Pipelining function 'decision_function'.
INFO: [SCHED 204-61] Pipelining result : Target II = 1, Final II = 1, Depth = 4.
INFO: [SCHED 204-11] Finished scheduling.
INFO: [HLS 200-111]