INFO-FLOW: Workspace /afs/cern.ch/user/a/addropul/CMSSW_10_6_0_pre4/src/L1Trigger/Run3Ntuplizer/test/conifer/prj_235138/my_prj_prj/solution3 opened at Tue Jul 14 10:57:56 EDT 2020
Execute     config_clock -quiet -name default -period 5 -default=false 
INFO: [SYN 201-201] Setting up clock 'default' with a period of 5ns.
Execute     open_platform DefaultPlatform 
Execute     import_lib /data/tools/Xilinx/Vivado/2018.2/common/technology/xilinx/virtexuplus/virtexuplus 
Execute       source /data/tools/Xilinx/Vivado/2018.2/common/technology/xilinx/common/xilinx.lib 
Execute         source /data/tools/Xilinx/Vivado/2018.2/common/technology/xilinx/interface/xilinx_interface.lib 
Execute           source /data/tools/Xilinx/Vivado/2018.2/common/technology/xilinx/interface/plb46.lib 
Execute           source /data/tools/Xilinx/Vivado/2018.2/common/technology/xilinx/interface/fsl.lib 
Execute           source /data/tools/Xilinx/Vivado/2018.2/common/technology/xilinx/interface/axi4.lib 
Execute           source /data/tools/Xilinx/Vivado/2018.2/common/technology/xilinx/interface/maxi.lib 
Execute           source /data/tools/Xilinx/Vivado/2018.2/common/technology/xilinx/interface/saxilite.lib 
Execute         source /data/tools/Xilinx/Vivado/2018.2/common/technology/xilinx/common/dsp48.lib 
Execute         source /data/tools/Xilinx/Vivado/2018.2/common/technology/xilinx/ip/xfft.lib 
Execute         source /data/tools/Xilinx/Vivado/2018.2/common/technology/xilinx/ip/xfir.lib 
Execute         source /data/tools/Xilinx/Vivado/2018.2/common/technology/xilinx/ip/dds_compiler.lib 
Execute       source /data/tools/Xilinx/Vivado/2018.2/common/technology/xilinx/common/xilinx_old.lib 
Execute       source /data/tools/Xilinx/Vivado/2018.2/common/technology/xilinx/common/xilinx_vivado.lib 
Execute       source /data/tools/Xilinx/Vivado/2018.2/common/technology/xilinx/common/xilinx.hlp 
Execute         source /data/tools/Xilinx/Vivado/2018.2/common/technology/xilinx/common/target_info.tcl 
Execute         source /data/tools/Xilinx/Vivado/2018.2/common/technology/xilinx/interface/xilinx_interface.hlp 
Execute           source /data/tools/Xilinx/Vivado/2018.2/common/technology/xilinx/interface/maxi.hlp 
Execute           source /data/tools/Xilinx/Vivado/2018.2/common/technology/xilinx/interface/saxilite.hlp 
Execute         source /data/tools/Xilinx/Vivado/2018.2/common/technology/xilinx/common/dsp48.hlp 
Execute       source /data/tools/Xilinx/Vivado/2018.2/common/technology/xilinx/virtexuplus/dsp48e2.hlp 
Execute       get_default_platform 
Execute       config_chip_info -quiet -resource  {SLICE 98520}  {LUT 788160}    {FF 1576320} {DSP48E 4560}  {BRAM 2880} {URAM 640}  
Execute       config_chip_info -quiet -speed medium 
Execute       source /data/tools/Xilinx/Vivado/2018.2/common/technology/xilinx/common/xilinx.hlp 
Execute         source /data/tools/Xilinx/Vivado/2018.2/common/technology/xilinx/common/target_info.tcl 
Execute         source /data/tools/Xilinx/Vivado/2018.2/common/technology/xilinx/interface/xilinx_interface.hlp 
Execute           source /data/tools/Xilinx/Vivado/2018.2/common/technology/xilinx/interface/maxi.hlp 
Execute           source /data/tools/Xilinx/Vivado/2018.2/common/technology/xilinx/interface/saxilite.hlp 
Execute         source /data/tools/Xilinx/Vivado/2018.2/common/technology/xilinx/common/dsp48.hlp 
Execute     source /data/tools/Xilinx/Vivado/2018.2/common/technology/xilinx/virtexuplus/virtexuplus.gen 
Execute       source /data/tools/Xilinx/Vivado/2018.2/common/technology/xilinx/common/virtex.gen 
Execute         source /data/tools/Xilinx/Vivado/2018.2/common/technology/xilinx/common/xilinx.gen 
Execute           source /data/tools/Xilinx/Vivado/2018.2/common/technology/xilinx/interface/plb46.gen 
Execute           source /data/tools/Xilinx/Vivado/2018.2/common/technology/xilinx/interface/fsl.gen 
Execute           source /data/tools/Xilinx/Vivado/2018.2/common/technology/xilinx/interface/axi4.gen 
Execute           source /data/tools/Xilinx/Vivado/2018.2/common/technology/xilinx/interface/nativeAXI4.gen 
Execute             source /data/tools/Xilinx/Vivado/2018.2/common/technology/xilinx/interface/saxilite.gen 
Execute             source /data/tools/Xilinx/Vivado/2018.2/common/technology/xilinx/interface/maxi.gen 
Execute           source /data/tools/Xilinx/Vivado/2018.2/common/technology/xilinx/scripts/xilinxcoregen.gen 
Execute           source /data/tools/Xilinx/Vivado/2018.2/common/technology/xilinx/interface/XilEDKCoreGen.gen 
Execute           source /data/tools/Xilinx/Vivado/2018.2/common/technology/xilinx/ip/dds_compiler.gen 
Execute           source /data/tools/Xilinx/Vivado/2018.2/common/technology/xilinx/ip/util.gen 
Execute           source /data/tools/Xilinx/Vivado/2018.2/common/technology/xilinx/ip/xfft.gen 
Execute           source /data/tools/Xilinx/Vivado/2018.2/common/technology/xilinx/ip/xfir.gen 
Command         ap_source done; 0.14 sec.
Execute         source /data/tools/Xilinx/Vivado/2018.2/common/technology/xilinx/common/dsp48.gen 
Command       ap_source done; 0.14 sec.
Command     ap_source done; 0.14 sec.
Execute     open_platform DefaultPlatform 
Execute     import_lib /data/tools/Xilinx/Vivado/2018.2/common/technology/xilinx/virtexuplus/virtexuplus_fpv7 
Execute       source /data/tools/Xilinx/Vivado/2018.2/common/technology/xilinx/common/xilinx_fpv7.lib 
Execute         source /data/tools/Xilinx/Vivado/2018.2/common/technology/xilinx/common/xilinx_hp.lib 
Execute       source /data/tools/Xilinx/Vivado/2018.2/common/technology/xilinx/common/xilinx_fpv.hlp 
Execute         source /data/tools/Xilinx/Vivado/2018.2/common/technology/xilinx/common/xilinx.hlp 
Execute           source /data/tools/Xilinx/Vivado/2018.2/common/technology/xilinx/common/target_info.tcl 
Execute           source /data/tools/Xilinx/Vivado/2018.2/common/technology/xilinx/interface/xilinx_interface.hlp 
Execute             source /data/tools/Xilinx/Vivado/2018.2/common/technology/xilinx/interface/maxi.hlp 
Execute             source /data/tools/Xilinx/Vivado/2018.2/common/technology/xilinx/interface/saxilite.hlp 
Execute           source /data/tools/Xilinx/Vivado/2018.2/common/technology/xilinx/common/dsp48.hlp 
Execute       source /data/tools/Xilinx/Vivado/2018.2/common/technology/xilinx/virtexuplus/virtexuplus_hp.hlp 
Execute     source /data/tools/Xilinx/Vivado/2018.2/common/technology/xilinx/virtexuplus/virtexuplus_fpv7.gen 
Execute       source /data/tools/Xilinx/Vivado/2018.2/common/technology/xilinx/common/xilinx_fpv6.gen 
Execute     set_part xcvu9p-flgb2104-2L-e 
Execute       add_library xilinx/virtexuplus/virtexuplus:xcvu9p:-flgb2104:-2L-e 
Execute         get_default_platform 
Execute         license_isbetapart xcvu9p 
Command         license_isbetapart done; error code: 1; 
Execute         get_default_platform 
Execute         config_chip_info -quiet -resource  {SLICE 147780} {LUT 1182240}   {FF 2364480} {DSP48E 6840}  {BRAM 4320} {URAM 960}  
Execute         config_chip_info -quiet -speed medium 
Execute       add_library xilinx/virtexuplus/virtexuplus_fpv7 
Execute         get_default_platform 
INFO: [HLS 200-10] Setting target device to 'xcvu9p-flgb2104-2L-e'
Execute       get_default_platform 
Execute     get_default_platform 
Execute     config_chip_info -quiet -resource  {SLICE 147780} {LUT 1182240}   {FF 2364480} {DSP48E 6840}  {BRAM 4320} {URAM 960}  
Execute     config_chip_info -quiet -speed medium 
Command   open_solution done; 0.28 sec.
Execute   set_part xcvu9p-flgb2104-2L-e 
Execute     add_library xilinx/virtexuplus/virtexuplus:xcvu9p:-flgb2104:-2L-e 
Execute       get_default_platform 
Execute       license_isbetapart xcvu9p 
Command       license_isbetapart done; error code: 1; 
Execute       get_default_platform 
Execute       config_chip_info -quiet -resource  {SLICE 147780} {LUT 1182240}   {FF 2364480} {DSP48E 6840}  {BRAM 4320} {URAM 960}  
Execute       config_chip_info -quiet -speed medium 
Execute     add_library xilinx/virtexuplus/virtexuplus_fpv7 
Execute       get_default_platform 
Execute     get_default_platform 
Execute   create_clock -period 5 -name default 
Execute   csynth_design 
Execute     get_config_compile -effort 
Execute     get_config_compile -enable_clang39 
Execute     get_config_compile -g 
Execute     get_config_compile -lm 
Execute     get_config_compile -ng 
Execute     get_config_compile -opt_fp 
Execute     get_config_compile -skip_cdt 
Execute     get_config_compile -skip_syncheck 
Execute     get_config_compile -skip_transform 
Execute     get_config_compile -keep_printf 
Execute     elaborate -effort=medium -skip_syncheck=0 -keep_printf=0 -lm=0 -skip_cdt=0 -skip_transform=0 -ng=0 -g=0 -opt_fp=0 -from_csynth_design=1 
Execute       get_config_schedule -relax_ii_for_timing 
Execute       get_config_schedule -suppress_dependence_error_break 
INFO: [HLS 200-10] Analyzing design file 'firmware/my_prj.cpp' ... 
INFO-FLOW: Compiling one TU...
Execute       is_m_axi_addr64 
INFO-FLOW: Handling firmware/my_prj.cpp as C++
Execute       get_default_platform 
Execute       is_encrypted firmware/my_prj.cpp 
Execute       get_default_platform 
INFO-FLOW: Source preprocessing
Execute       clang  -fno-limit-debug-info -gcc-toolchain "/data/tools/Xilinx/Vivado/2018.2/lnx64/tools/gcc" -hls  -fno-exceptions  -D__llvm__  -E "firmware/my_prj.cpp"   -std=c++0x  -fno-math-errno -c -emit-llvm -O0  -mllvm -disable-llvm-optzns -fno-threadsafe-statics  -fno-use-cxa-atexit  -fno-threadsafe-statics -fno-use-cxa-atexit -D__CLANG_3_1__ -DAESL_SYN -D__SYNTHESIS__ -D__HLS_SYN__ -I "/data/tools/Xilinx/Vivado/2018.2/common/technology/autopilot" -I "/data/tools/Xilinx/Vivado/2018.2/common/technology/autopilot/ap_sysc" -include etc/autopilot_ssdm_op.h -D__DSP48E2__  -o "/afs/cern.ch/user/a/addropul/CMSSW_10_6_0_pre4/src/L1Trigger/Run3Ntuplizer/test/conifer/prj_235138/my_prj_prj/solution3/.autopilot/db/my_prj.pp.0.cpp" 
INFO-FLOW: exec /data/tools/Xilinx/Vivado/2018.2/lnx64/tools/clang/bin/clang -fno-limit-debug-info -gcc-toolchain /data/tools/Xilinx/Vivado/2018.2/lnx64/tools/gcc -hls -fno-exceptions -D__llvm__ -E firmware/my_prj.cpp -std=c++0x -fno-math-errno -c -emit-llvm -O0 -mllvm -disable-llvm-optzns -fno-threadsafe-statics -fno-use-cxa-atexit -fno-threadsafe-statics -fno-use-cxa-atexit -D__CLANG_3_1__ -DAESL_SYN -D__SYNTHESIS__ -D__HLS_SYN__ -I /data/tools/Xilinx/Vivado/2018.2/common/technology/autopilot -I /data/tools/Xilinx/Vivado/2018.2/common/technology/autopilot/ap_sysc -include etc/autopilot_ssdm_op.h -D__DSP48E2__ -o /afs/cern.ch/user/a/addropul/CMSSW_10_6_0_pre4/src/L1Trigger/Run3Ntuplizer/test/conifer/prj_235138/my_prj_prj/solution3/.autopilot/db/my_prj.pp.0.cpp
Command       clang done; 2 sec.
INFO-FLOW: Syntax Checking before pre-processing...
Execute       clang  -fno-limit-debug-info -gcc-toolchain "/data/tools/Xilinx/Vivado/2018.2/lnx64/tools/gcc" -hls  -std=c++0x  -fno-math-errno -c -emit-llvm -O0  -mllvm -disable-llvm-optzns -fno-threadsafe-statics  -fno-use-cxa-atexit  -fno-threadsafe-statics -fno-use-cxa-atexit -D__CLANG_3_1__ -DAESL_SYN -D__SYNTHESIS__ -D__HLS_SYN__ -I "/data/tools/Xilinx/Vivado/2018.2/common/technology/autopilot" -I "/data/tools/Xilinx/Vivado/2018.2/common/technology/autopilot/ap_sysc" -include etc/autopilot_ssdm_op.h -D__DSP48E2__  "/afs/cern.ch/user/a/addropul/CMSSW_10_6_0_pre4/src/L1Trigger/Run3Ntuplizer/test/conifer/prj_235138/my_prj_prj/solution3/.autopilot/db/my_prj.pp.0.cpp"  -o "/afs/cern.ch/user/a/addropul/CMSSW_10_6_0_pre4/src/L1Trigger/Run3Ntuplizer/test/conifer/prj_235138/my_prj_prj/solution3/.autopilot/db/useless.bc"  
INFO-FLOW: exec /data/tools/Xilinx/Vivado/2018.2/lnx64/tools/clang/bin/clang -fno-limit-debug-info -gcc-toolchain /data/tools/Xilinx/Vivado/2018.2/lnx64/tools/gcc -hls -std=c++0x -fno-math-errno -c -emit-llvm -O0 -mllvm -disable-llvm-optzns -fno-threadsafe-statics -fno-use-cxa-atexit -fno-threadsafe-statics -fno-use-cxa-atexit -D__CLANG_3_1__ -DAESL_SYN -D__SYNTHESIS__ -D__HLS_SYN__ -I /data/tools/Xilinx/Vivado/2018.2/common/technology/autopilot -I /data/tools/Xilinx/Vivado/2018.2/common/technology/autopilot/ap_sysc -include etc/autopilot_ssdm_op.h -D__DSP48E2__ /afs/cern.ch/user/a/addropul/CMSSW_10_6_0_pre4/src/L1Trigger/Run3Ntuplizer/test/conifer/prj_235138/my_prj_prj/solution3/.autopilot/db/my_prj.pp.0.cpp -o /afs/cern.ch/user/a/addropul/CMSSW_10_6_0_pre4/src/L1Trigger/Run3Ntuplizer/test/conifer/prj_235138/my_prj_prj/solution3/.autopilot/db/useless.bc
WARNING: [HLS 200-40] 0  libLLVM-3.1.so  0x00007f06cb12b02f
1  libLLVM-3.1.so  0x00007f06cb12b344
2  libpthread.so.0 0x00007f06ca236630
3  clang           0x0000000000b75360 clang::LocalInstantiationScope::getPartiallySubstitutedPack(clang::TemplateArgument const**, unsigned int*) const + 32
4  clang           0x0000000000ba4378 clang::Sema::CheckParameterPacksForExpansion(clang::SourceLocation, clang::SourceRange, llvm::ArrayRef<std::pair<llvm::PointerUnion<clang::TemplateTypeParmType const*, clang::NamedDecl*>, clang::SourceLocation> >, clang::MultiLevelTemplateArgumentList const&, bool&, bool&, llvm::Optional<unsigned int>&) + 264
5  clang           0x0000000000b7b5c2
6  clang           0x0000000000b845d8
7  clang           0x0000000000b84e04
8  clang           0x0000000000b86938
9  clang           0x0000000000b870f3 clang::Sema::SubstType(clang::QualType, clang::MultiLevelTemplateArgumentList const&, clang::SourceLocation, clang::DeclarationName) + 99
10 clang           0x0000000000b27202 clang::Sema::CheckTemplateIdType(clang::TemplateName, clang::SourceLocation, clang::TemplateArgumentListInfo&) + 1634
11 clang           0x0000000000901646 clang::Sema::ActOnCXXNestedNameSpecifier(clang::Scope*, clang::CXXScopeSpec&, clang::SourceLocation, clang::OpaquePtr<clang::TemplateName>, clang::SourceLocation, clang::SourceLocation, clang::ASTTemplateArgsPtr, clang::SourceLocation, clang::SourceLocation, bool) + 198
12 clang           0x000000000089bfbd clang::Parser::ParseOptionalCXXScopeSpecifier(clang::CXXScopeSpec&, clang::OpaquePtr<clang::QualType>, bool, bool*, bool) + 3869
13 clang           0x000000000085ba38 clang::Parser::TryAnnotateTypeOrScopeToken(bool, bool) + 936
14 clang           0x000000000087007c clang::Parser::ParseDeclarationSpecifiers(clang::DeclSpec&, clang::Parser::ParsedTemplateInfo const&, clang::AccessSpecifier, clang::Parser::DeclSpecContext, llvm::SmallVector<clang::Parser::LateParsedAttribute*, 2u>*) + 3020
15 clang           0x00000000008712f8 clang::Parser::ParseSpecifierQualifierList(clang::DeclSpec&, clang::AccessSpecifier, clang::Parser::DeclSpecContext) + 72
16 clang           0x00000000008717b3 clang::Parser::ParseTypeName(clang::SourceRange*, clang::Declarator::TheContext, clang::AccessSpecifier, clang::Decl**) + 499
17 clang           0x0000000000878fe1 clang::Parser::ParseUsingDeclaration(unsigned int, clang::Parser::ParsedTemplateInfo const&, clang::SourceLocation, clang::SourceLocation&, clang::AccessSpecifier, clang::Decl**) + 2193
18 clang           0x0000000000879358 clang::Parser::ParseUsingDirectiveOrDeclaration(unsigned int, clang::Parser::ParsedTemplateInfo const&, clang::SourceLocation&, clang::Parser::ParsedAttributesWithRange&, clang::Decl**) + 184
19 clang           0x00000000008c23dc clang::Parser::ParseSingleDeclarationAfterTemplate(unsigned int, clang::Parser::ParsedTemplateInfo const&, clang::Parser::ParsingDeclRAIIObject&, clang::SourceLocation&, clang::AccessSpecifier, clang::AttributeList*) + 2492
20 clang           0x00000000008c61f2 clang::Parser::ParseTemplateDeclarationOrSpecialization(unsigned int, clang::SourceLocation&, clang::AccessSpecifier, clang::AttributeList*) + 658
21 clang           0x00000000008c80de clang::Parser::ParseDeclarationStartingWithTemplate(unsigned int, clang::SourceLocation&, clang::AccessSpecifier, clang::AttributeList*) + 94
22 clang           0x0000000000874e6a clang::Parser::ParseDeclaration(clang::ASTOwningVector<clang::Stmt*, 32u>&, unsigned int, clang::SourceLocation&, clang::Parser::ParsedAttributesWithRange&) + 506
23 clang           0x00000000008624d6 clang::Parser::ParseExternalDeclaration(clang::Parser::ParsedAttributesWithRange&, clang::Parser::ParsingDeclSpec*) + 1286
24 clang           0x0000000000880ffe clang::Parser::ParseInnerNamespace(std::vector<clang::SourceLocation, std::allocator<clang::SourceLocation> >&, std::vector<clang::IdentifierInfo*, std::allocator<clang::IdentifierInfo*> >&, std::vector<clang::SourceLocation, std::allocator<clang::SourceLocation> >&, unsigned int, clang::SourceLocation&, clang::ParsedAttributes&, clang::Parser::BalancedDelimiterTracker&) + 350
25 clang           0x000000000088256b clang::Parser::ParseNamespace(unsigned int, clang::SourceLocation&, clang::SourceLocation) + 2235
26 clang           0x0000000000874ec5 clang::Parser::ParseDeclaration(clang::ASTOwningVector<clang::Stmt*, 32u>&, unsigned int, clang::SourceLocation&, clang::Parser::ParsedAttributesWithRange&) + 597
27 clang           0x00000000008624d6 clang::Parser::ParseExternalDeclaration(clang::Parser::ParsedAttributesWithRange&, clang::Parser::ParsingDeclSpec*) + 1286
28 clang           0x0000000000862d51 clang::Parser::ParseTopLevelDecl(clang::OpaquePtr<clang::DeclGroupRef>&) + 225
29 clang           0x0000000000857df1 clang::ParseAST(clang::Sema&, bool, bool) + 305
30 clang           0x000000000070d692 clang::CodeGenAction::ExecuteAction() + 34
31 clang           0x00000000005d770c clang::CompilerInstance::ExecuteAction(clang::FrontendAction&) + 284
32 clang           0x00000000005bd2d3 clang::ExecuteCompilerInvocation(clang::CompilerInstance*) + 1827
33 clang           0x00000000005b3ee1 cc1_main(char const**, char const**, char const*, void*) + 737
34 clang           0x00000000005b11c5 main + 597
35 libc.so.6       0x00007f06c93e1555 __libc_start_main + 245
36 clang           0x00000000005b3989
Stack dump:
0.	Program arguments: /data/tools/Xilinx/Vivado/2018.2/lnx64/tools/clang/bin/clang -cc1 -triple x86_64-unknown-linux-gnu -emit-llvm-bc -disable-free -disable-llvm-verifier -main-file-name my_prj.pp.0.cpp -mrelocation-model static -mdisable-fp-elim -masm-verbose -mconstructor-aliases -hls -munwind-tables -target-cpu x86-64 -target-linker-version 2.26.20160125 -momit-leaf-frame-pointer -coverage-file /afs/cern.ch/user/a/addropul/CMSSW_10_6_0_pre4/src/L1Trigger/Run3Ntuplizer/test/conifer/prj_235138/my_prj_prj/solution3/.autopilot/db/useless.bc -resource-dir /data/tools/Xilinx/Vivado/2018.2/lnx64/tools/clang/bin/../lib/clang/3.1 -include etc/autopilot_ssdm_op.h -D __CLANG_3_1__ -D AESL_SYN -D __SYNTHESIS__ -D __HLS_SYN__ -D __DSP48E2__ -I /data/tools/Xilinx/Vivado/2018.2/common/technology/autopilot -I /data/tools/Xilinx/Vivado/2018.2/common/technology/autopilot/ap_sysc -fmodule-cache-path /tmp/addropul/clang-module-cache -internal-isystem /cvmfs/cms.cern.ch/slc7_amd64_gcc700/external/gcc/7.0.0-pafccj/lib/gcc/x86_64-unknown-linux-gnu/7.4.1/../../../../include/c++/7.4.1 -internal-isystem /cvmfs/cms.cern.ch/slc7_amd64_gcc700/external/gcc/7.0.0-pafccj/lib/gcc/x86_64-unknown-linux-gnu/7.4.1/../../../../include/c++/7.4.1/x86_64-unknown-linux-gnu -internal-isystem /cvmfs/cms.cern.ch/slc7_amd64_gcc700/external/gcc/7.0.0-pafccj/lib/gcc/x86_64-unknown-linux-gnu/7.4.1/../../../../include/c++/7.4.1/backward -internal-isystem /usr/local/include -internal-isystem /data/tools/Xilinx/Vivado/2018.2/lnx64/tools/clang/bin/../lib/clang/3.1/include -internal-externc-isystem /include -internal-externc-isystem /usr/include -O0 -std=c++0x -fdeprecated-macro -fdebug-compilation-dir /afs/cern.ch/user/a/addropul/CMSSW_10_6_0_pre4/src/L1Trigger/Run3Ntuplizer/test/conifer/prj_235138 -ferror-limit 19 -fmessage-length 0 -fno-limit-debug-info -mstackrealign -fno-threadsafe-statics -fno-use-cxa-atexit -fgnu-runtime -fobjc-runtime-has-arc -fobjc-runtime-has-weak -fobjc-fragile-abi -fcxx-exceptions -fexceptions -fdiagnostics-show-option -disable-llvm-optzns -o /afs/cern.ch/user/a/addropul/CMSSW_10_6_0_pre4/src/L1Trigger/Run3Ntuplizer/test/conifer/prj_235138/my_prj_prj/solution3/.autopilot/db/useless.bc -x c++ /afs/cern.ch/user/a/addropul/CMSSW_10_6_0_pre4/src/L1Trigger/Run3Ntuplizer/test/conifer/prj_235138/my_prj_prj/solution3/.autopilot/db/my_prj.pp.0.cpp 
1.	/cvmfs/cms.cern.ch/slc7_amd64_gcc700/external/gcc/7.0.0-pafccj/lib/gcc/x86_64-unknown-linux-gnu/7.4.1/../../../../include/c++/7.4.1/type_traits:2534:58: current parser token 'type'
2.	/cvmfs/cms.cern.ch/slc7_amd64_gcc700/external/gcc/7.0.0-pafccj/lib/gcc/x86_64-unknown-linux-gnu/7.4.1/../../../../include/c++/7.4.1/type_traits:51:1: parsing namespace 'std'
clang: error: unable to execute command: Segmentation fault
clang: error: clang frontend command failed due to signal (use -v to see invocation)
clang: note: diagnostic msg: Please submit a bug report to http://llvm.org/bugs/ and include command line arguments and all diagnostic information.
clang: note: diagnostic msg: Preprocessed source(s) and associated run script(s) are located at:
clang: note: diagnostic msg: /tmp/addropul/my_prj-6OXCxH.ii
clang: note: diagnostic msg: /tmp/addropul/my_prj-6OXCxH.sh\n
Command       clang done; error code: 2; 2.66 sec.
ERROR: [HLS 200-70] Compilation errors found: Pragma processor failed: 0  libLLVM-3.1.so  0x00007f06cb12b02f
1  libLLVM-3.1.so  0x00007f06cb12b344
2  libpthread.so.0 0x00007f06ca236630
3  clang           0x0000000000b75360 clang::LocalInstantiationScope::getPartiallySubstitutedPack(clang::TemplateArgument const**, unsigned int*) const + 32
4  clang           0x0000000000ba4378 clang::Sema::CheckParameterPacksForExpansion(clang::SourceLocation, clang::SourceRange, llvm::ArrayRef<std::pair<llvm::PointerUnion<clang::TemplateTypeParmType const*, clang::NamedDecl*>, clang::SourceLocation> >, clang::MultiLevelTemplateArgumentList const&, bool&, bool&, llvm::Optional<unsigned int>&) + 264
5  clang           0x0000000000b7b5c2
6  clang           0x0000000000b845d8
7  clang           0x0000000000b84e04
8  clang           0x0000000000b86938
9  clang           0x0000000000b870f3 clang::Sema::SubstType(clang::QualType, clang::MultiLevelTemplateArgumentList const&, clang::SourceLocation, clang::DeclarationName) + 99
10 clang           0x0000000000b27202 clang::Sema::CheckTemplateIdType(clang::TemplateName, clang::SourceLocation, clang::TemplateArgumentListInfo&) + 1634
11 clang           0x0000000000901646 clang::Sema::ActOnCXXNestedNameSpecifier(clang::Scope*, clang::CXXScopeSpec&, clang::SourceLocation, clang::OpaquePtr<clang::TemplateName>, clang::SourceLocation, clang::SourceLocation, clang::ASTTemplateArgsPtr, clang::SourceLocation, clang::SourceLocation, bool) + 198
12 clang           0x000000000089bfbd clang::Parser::ParseOptionalCXXScopeSpecifier(clang::CXXScopeSpec&, clang::OpaquePtr<clang::QualType>, bool, bool*, bool) + 3869
13 clang           0x000000000085ba38 clang::Parser::TryAnnotateTypeOrScopeToken(bool, bool) + 936
14 clang           0x000000000087007c clang::Parser::ParseDeclarationSpecifiers(clang::DeclSpec&, clang::Parser::ParsedTemplateInfo const&, clang::AccessSpecifier, clang::Parser::DeclSpecContext, llvm::SmallVector<clang::Parser::LateParsedAttribute*, 2u>*) + 3020
15 clang           0x00000000008712f8 clang::Parser::ParseSpecifierQualifierList(clang::DeclSpec&, clang::AccessSpecifier, clang::Parser::DeclSpecContext) + 72
16 clang           0x00000000008717b3 clang::Parser::ParseTypeName(clang::SourceRange*, clang::Declarator::TheContext, clang::AccessSpecifier, clang::Decl**) + 499
17 clang           0x0000000000878fe1 clang::Parser::ParseUsingDeclaration(unsigned int, clang::Parser::ParsedTemplateInfo const&, clang::SourceLocation, clang::SourceLocation&, clang::AccessSpecifier, clang::Decl**) + 2193
18 clang           0x0000000000879358 clang::Parser::ParseUsingDirectiveOrDeclaration(unsigned int, clang::Parser::ParsedTemplateInfo const&, clang::SourceLocation&, clang::Parser::ParsedAttributesWithRange&, clang::Decl**) + 184
19 clang           0x00000000008c23dc clang::Parser::ParseSingleDeclarationAfterTemplate(unsigned int, clang::Parser::ParsedTemplateInfo const&, clang::Parser::ParsingDeclRAIIObject&, clang::SourceLocation&, clang::AccessSpecifier, clang::AttributeList*) + 2492
20 clang           0x00000000008c61f2 clang::Parser::ParseTemplateDeclarationOrSpecialization(unsigned int, clang::SourceLocation&, clang::AccessSpecifier, clang::AttributeList*) + 658
21 clang           0x00000000008c80de clang::Parser::ParseDeclarationStartingWithTemplate(unsigned int, clang::SourceLocation&, clang::AccessSpecifier, clang::AttributeList*) + 94
22 clang           0x0000000000874e6a clang::Parser::ParseDeclaration(clang::ASTOwningVector<clang::Stmt*, 32u>&, unsigned int, clang::SourceLocation&, clang::Parser::ParsedAttributesWithRange&) + 506
23 clang           0x00000000008624d6 clang::Parser::ParseExternalDeclaration(clang::Parser::ParsedAttributesWithRange&, clang::Parser::ParsingDeclSpec*) + 1286
24 clang           0x0000000000880ffe clang::Parser::ParseInnerNamespace(std::vector<clang::SourceLocation, std::allocator<clang::SourceLocation> >&, std::vector<clang::IdentifierInfo*, std::allocator<clang::IdentifierInfo*> >&, std::vector<clang::SourceLocation, std::allocator<clang::SourceLocation> >&, unsigned int, clang::SourceLocation&, clang::ParsedAttributes&, clang::Parser::BalancedDelimiterTracker&) + 350
25 clang           0x000000000088256b clang::Parser::ParseNamespace(unsigned int, clang::SourceLocation&, clang::SourceLocation) + 2235
26 clang           0x0000000000874ec5 clang::Parser::ParseDeclaration(clang::ASTOwningVector<clang::Stmt*, 32u>&, unsigned int, clang::SourceLocation&, clang::Parser::ParsedAttributesWithRange&) + 597
27 clang           0x00000000008624d6 clang::Parser::ParseExternalDeclaration(clang::Parser::ParsedAttributesWithRange&, clang::Parser::ParsingDeclSpec*) + 1286
28 clang           0x0000000000862d51 clang::Parser::ParseTopLevelDecl(clang::OpaquePtr<clang::DeclGroupRef>&) + 225
29 clang           0x0000000000857df1 clang::ParseAST(clang::Sema&, bool, bool) + 305
30 clang           0x000000000070d692 clang::CodeGenAction::ExecuteAction() + 34
31 clang           0x00000000005d770c clang::CompilerInstance::ExecuteAction(clang::FrontendAction&) + 284
32 clang           0x00000000005bd2d3 clang::ExecuteCompilerInvocation(clang::CompilerInstance*) + 1827
33 clang           0x00000000005b3ee1 cc1_main(char const**, char const**, char const*, void*) + 737
34 clang           0x00000000005b11c5 main + 597
35 libc.so.6       0x00007f06c93e1555 __libc_start_main + 245
36 clang           0x00000000005b3989
Stack dump:
0.	Program arguments: /data/tools/Xilinx/Vivado/2018.2/lnx64/tools/clang/bin/clang -cc1 -triple x86_64-unknown-linux-gnu -emit-llvm-bc -disable-free -disable-llvm-verifier -main-file-name my_prj.pp.0.cpp -mrelocation-model static -mdisable-fp-elim -masm-verbose -mconstructor-aliases -hls -munwind-tables -target-cpu x86-64 -target-linker-version 2.26.20160125 -momit-leaf-frame-pointer -coverage-file /afs/cern.ch/user/a/addropul/CMSSW_10_6_0_pre4/src/L1Trigger/Run3Ntuplizer/test/conifer/prj_235138/my_prj_prj/solution3/.autopilot/db/useless.bc -resource-dir /data/tools/Xilinx/Vivado/2018.2/lnx64/tools/clang/bin/../lib/clang/3.1 -include etc/autopilot_ssdm_op.h -D __CLANG_3_1__ -D AESL_SYN -D __SYNTHESIS__ -D __HLS_SYN__ -D __DSP48E2__ -I /data/tools/Xilinx/Vivado/2018.2/common/technology/autopilot -I /data/tools/Xilinx/Vivado/2018.2/common/technology/autopilot/ap_sysc -fmodule-cache-path /tmp/addropul/clang-module-cache -internal-isystem /cvmfs/cms.cern.ch/slc7_amd64_gcc700/external/gcc/7.0.0-pafccj/lib/gcc/x86_64-unknown-linux-gnu/7.4.1/../../../../include/c++/7.4.1 -internal-isystem /cvmfs/cms.cern.ch/slc7_amd64_gcc700/external/gcc/7.0.0-pafccj/lib/gcc/x86_64-unknown-linux-gnu/7.4.1/../../../../include/c++/7.4.1/x86_64-unknown-linux-gnu -internal-isystem /cvmfs/cms.cern.ch/slc7_amd64_gcc700/external/gcc/7.0.0-pafccj/lib/gcc/x86_64-unknown-linux-gnu/7.4.1/../../../../include/c++/7.4.1/backward -internal-isystem /usr/local/include -internal-isystem /data/tools/Xilinx/Vivado/2018.2/lnx64/tools/clang/bin/../lib/clang/3.1/include -internal-externc-isystem /include -internal-externc-isystem /usr/include -O0 -std=c++0x -fdeprecated-macro -fdebug-compilation-dir /afs/cern.ch/user/a/addropul/CMSSW_10_6_0_pre4/src/L1Trigger/Run3Ntuplizer/test/conifer/prj_235138 -ferror-limit 19 -fmessage-length 0 -fno-limit-debug-info -mstackrealign -fno-threadsafe-statics -fno-use-cxa-atexit -fgnu-runtime -fobjc-runtime-has-arc -fobjc-runtime-has-weak -fobjc-fragile-abi -fcxx-exceptions -fexceptions -fdiagnostics-show-option -disable-llvm-optzns -o /afs/cern.ch/user/a/addropul/CMSSW_10_6_0_pre4/src/L1Trigger/Run3Ntuplizer/test/conifer/prj_235138/my_prj_prj/solution3/.autopilot/db/useless.bc -x c++ /afs/cern.ch/user/a/addropul/CMSSW_10_6_0_pre4/src/L1Trigger/Run3Ntuplizer/test/conifer/prj_235138/my_prj_prj/solution3/.autopilot/db/my_prj.pp.0.cpp 
1.	/cvmfs/cms.cern.ch/slc7_amd64_gcc700/external/gcc/7.0.0-pafccj/lib/gcc/x86_64-unknown-linux-gnu/7.4.1/../../../../include/c++/7.4.1/type_traits:2534:58: current parser token 'type'
2.	/cvmfs/cms.cern.ch/slc7_amd64_gcc700/external/gcc/7.0.0-pafccj/lib/gcc/x86_64-unknown-linux-gnu/7.4.1/../../../../include/c++/7.4.1/type_traits:51:1: parsing namespace 'std'
clang: error: unable to execute command: Segmentation fault
clang: error: clang frontend command failed due to signal (use -v to see invocation)
clang: note: diagnostic msg: Please submit a bug report to http://llvm.org/bugs/ and include command line arguments and all diagnostic information.
clang: note: diagnostic msg: Preprocessed source(s) and associated run script(s) are located at:
clang: note: diagnostic msg: /tmp/addropul/my_prj-6OXCxH.ii
clang: note: diagnostic msg: /tmp/addropul/my_prj-6OXCxH.sh
Command     elaborate done; error code: 2; 4.69 sec.
Command   csynth_design done; error code: 2; 4.7 sec.
Command ap_source done; error code: 1; 5.06 sec.
Execute cleanup_all 
