==============================================================
File generated by Vivado(TM) HLS - High-Level Synthesis from C, C++ and SystemC
Version: 2018.2
Copyright (C) 1986-2018 Xilinx, Inc. All Rights Reserved.

==============================================================

==============================================================
File generated by Vivado(TM) HLS - High-Level Synthesis from C, C++ and SystemC
Version: 2018.2
Copyright (C) 1986-2018 Xilinx, Inc. All Rights Reserved.

==============================================================

INFO: [SYN 201-201] Setting up clock 'default' with a period of 5ns.
INFO: [HLS 200-10] Setting target device to 'xcvu9p-flgb2104-2L-e'
INFO: [HLS 200-10] Analyzing design file 'firmware/my_prj.cpp' ... 
WARNING: [HLS 200-40] 0  libLLVM-3.1.so  0x00007f7518eff02f
1  libLLVM-3.1.so  0x00007f7518eff344
2  libpthread.so.0 0x00007f751800a630
3  clang           0x0000000000b75360 clang::LocalInstantiationScope::getPartiallySubstitutedPack(clang::TemplateArgument const**, unsigned int*) const + 32
4  clang           0x0000000000ba4378 clang::Sema::CheckParameterPacksForExpansion(clang::SourceLocation, clang::SourceRange, llvm::ArrayRef<std::pair<llvm::PointerUnion<clang::TemplateTypeParmType const*, clang::NamedDecl*>, clang::SourceLocation> >, clang::MultiLevelTemplateArgumentList const&, bool&, bool&, llvm::Optional<unsigned int>&) + 264
5  clang           0x0000000000b7b5c2
6  clang           0x0000000000b845d8
7  clang           0x0000000000b84e04
8  clang           0x0000000000b86938
9  clang           0x0000000000b870f3 clang::Sema::SubstType(clang::QualType, clang::MultiLevelTemplateArgumentList const&, clang::SourceLocation, clang::DeclarationName) + 99
10 clang           0x0000000000b27202 clang::Sema::CheckTemplateIdType(clang::TemplateName, clang::SourceLocation, clang::TemplateArgumentListInfo&) + 1634
11 clang           0x0000000000901646 clang::Sema::ActOnCXXNestedNameSpecifier(clang::Scope*, clang::CXXScopeSpec&, clang::SourceLocation, clang::OpaquePtr<clang::TemplateName>, clang::SourceLocation, clang::SourceLocation, clang::ASTTemplateArgsPtr, clang::SourceLocation, clang::SourceLocation, bool) + 198
12 clang           0x000000000089bfbd clang::Parser::ParseOptionalCXXScopeSpecifier(clang::CXXScopeSpec&, clang::OpaquePtr<clang::QualType>, bool, bool*, bool) + 3869
13 clang           0x000000000085ba38 clang::Parser::TryAnnotateTypeOrScopeToken(bool, bool) + 936
14 clang           0x000000000087007c clang::Parser::ParseDeclarationSpecifiers(clang::DeclSpec&, clang::Parser::ParsedTemplateInfo const&, clang::AccessSpecifier, clang::Parser::DeclSpecContext, llvm::SmallVector<clang::Parser::LateParsedAttribute*, 2u>*) + 3020
15 clang           0x00000000008712f8 clang::Parser::ParseSpecifierQualifierList(clang::DeclSpec&, clang::AccessSpecifier, clang::Parser::DeclSpecContext) + 72
16 clang           0x00000000008717b3 clang::Parser::ParseTypeName(clang::SourceRange*, clang::Declarator::TheContext, clang::AccessSpecifier, clang::Decl**) + 499
17 clang           0x0000000000878fe1 clang::Parser::ParseUsingDeclaration(unsigned int, clang::Parser::ParsedTemplateInfo const&, clang::SourceLocation, clang::SourceLocation&, clang::AccessSpecifier, clang::Decl**) + 2193
18 clang           0x0000000000879358 clang::Parser::ParseUsingDirectiveOrDeclaration(unsigned int, clang::Parser::ParsedTemplateInfo const&, clang::SourceLocation&, clang::Parser::ParsedAttributesWithRange&, clang::Decl**) + 184
19 clang           0x00000000008c23dc clang::Parser::ParseSingleDeclarationAfterTemplate(unsigned int, clang::Parser::ParsedTemplateInfo const&, clang::Parser::ParsingDeclRAIIObject&, clang::SourceLocation&, clang::AccessSpecifier, clang::AttributeList*) + 2492
20 clang           0x00000000008c61f2 clang::Parser::ParseTemplateDeclarationOrSpecialization(unsigned int, clang::SourceLocation&, clang::AccessSpecifier, clang::AttributeList*) + 658
21 clang           0x00000000008c80de clang::Parser::ParseDeclarationStartingWithTemplate(unsigned int, clang::SourceLocation&, clang::AccessSpecifier, clang::AttributeList*) + 94
22 clang           0x0000000000874e6a clang::Parser::ParseDeclaration(clang::ASTOwningVector<clang::Stmt*, 32u>&, unsigned int, clang::SourceLocation&, clang::Parser::ParsedAttributesWithRange&) + 506
23 clang           0x00000000008624d6 clang::Parser::ParseExternalDeclaration(clang::Parser::ParsedAttributesWithRange&, clang::Parser::ParsingDeclSpec*) + 1286
24 clang           0x0000000000880ffe clang::Parser::ParseInnerNamespace(std::vector<clang::SourceLocation, std::allocator<clang::SourceLocation> >&, std::vector<clang::IdentifierInfo*, std::allocator<clang::IdentifierInfo*> >&, std::vector<clang::SourceLocation, std::allocator<clang::SourceLocation> >&, unsigned int, clang::SourceLocation&, clang::ParsedAttributes&, clang::Parser::BalancedDelimiterTracker&) + 350
25 clang           0x000000000088256b clang::Parser::ParseNamespace(unsigned int, clang::SourceLocation&, clang::SourceLocation) + 2235
26 clang           0x0000000000874ec5 clang::Parser::ParseDeclaration(clang::ASTOwningVector<clang::Stmt*, 32u>&, unsigned int, clang::SourceLocation&, clang::Parser::ParsedAttributesWithRange&) + 597
27 clang           0x00000000008624d6 clang::Parser::ParseExternalDeclaration(clang::Parser::ParsedAttributesWithRange&, clang::Parser::ParsingDeclSpec*) + 1286
28 clang           0x0000000000862d51 clang::Parser::ParseTopLevelDecl(clang::OpaquePtr<clang::DeclGroupRef>&) + 225
29 clang           0x0000000000857df1 clang::ParseAST(clang::Sema&, bool, bool) + 305
30 clang           0x000000000070d692 clang::CodeGenAction::ExecuteAction() + 34
31 clang           0x00000000005d770c clang::CompilerInstance::ExecuteAction(clang::FrontendAction&) + 284
32 clang           0x00000000005bd2d3 clang::ExecuteCompilerInvocation(clang::CompilerInstance*) + 1827
33 clang           0x00000000005b3ee1 cc1_main(char const**, char const**, char const*, void*) + 737
34 clang           0x00000000005b11c5 main + 597
35 libc.so.6       0x00007f75171b5555 __libc_start_main + 245
36 clang           0x00000000005b3989
Stack dump:
0.	Program arguments: /data/tools/Xilinx/Vivado/2018.2/lnx64/tools/clang/bin/clang -cc1 -triple x86_64-unknown-linux-gnu -emit-llvm-bc -disable-free -disable-llvm-verifier -main-file-name my_prj.pp.0.cpp -mrelocation-model static -mdisable-fp-elim -masm-verbose -mconstructor-aliases -hls -munwind-tables -target-cpu x86-64 -target-linker-version 2.26.20160125 -momit-leaf-frame-pointer -coverage-file /afs/cern.ch/user/a/addropul/CMSSW_10_6_0_pre4/src/L1Trigger/Run3Ntuplizer/test/conifer/prj_235138/my_prj_prj/solution3/.autopilot/db/useless.bc -resource-dir /data/tools/Xilinx/Vivado/2018.2/lnx64/tools/clang/bin/../lib/clang/3.1 -include etc/autopilot_ssdm_op.h -D __CLANG_3_1__ -D AESL_SYN -D __SYNTHESIS__ -D __HLS_SYN__ -D __DSP48E2__ -I /data/tools/Xilinx/Vivado/2018.2/common/technology/autopilot -I /data/tools/Xilinx/Vivado/2018.2/common/technology/autopilot/ap_sysc -fmodule-cache-path /tmp/addropul/clang-module-cache -internal-isystem /cvmfs/cms.cern.ch/slc7_amd64_gcc700/external/gcc/7.0.0-pafccj/lib/gcc/x86_64-unknown-linux-gnu/7.4.1/../../../../include/c++/7.4.1 -internal-isystem /cvmfs/cms.cern.ch/slc7_amd64_gcc700/external/gcc/7.0.0-pafccj/lib/gcc/x86_64-unknown-linux-gnu/7.4.1/../../../../include/c++/7.4.1/x86_64-unknown-linux-gnu -internal-isystem /cvmfs/cms.cern.ch/slc7_amd64_gcc700/external/gcc/7.0.0-pafccj/lib/gcc/x86_64-unknown-linux-gnu/7.4.1/../../../../include/c++/7.4.1/backward -internal-isystem /usr/local/include -internal-isystem /data/tools/Xilinx/Vivado/2018.2/lnx64/tools/clang/bin/../lib/clang/3.1/include -internal-externc-isystem /include -internal-externc-isystem /usr/include -O0 -std=c++0x -fdeprecated-macro -fdebug-compilation-dir /afs/cern.ch/user/a/addropul/CMSSW_10_6_0_pre4/src/L1Trigger/Run3Ntuplizer/test/conifer/prj_235138 -ferror-limit 19 -fmessage-length 0 -fno-limit-debug-info -mstackrealign -fno-threadsafe-statics -fno-use-cxa-atexit -fgnu-runtime -fobjc-runtime-has-arc -fobjc-runtime-has-weak -fobjc-fragile-abi -fcxx-exceptions -fexceptions -fdiagnostics-show-option -disable-llvm-optzns -o /afs/cern.ch/user/a/addropul/CMSSW_10_6_0_pre4/src/L1Trigger/Run3Ntuplizer/test/conifer/prj_235138/my_prj_prj/solution3/.autopilot/db/useless.bc -x c++ /afs/cern.ch/user/a/addropul/CMSSW_10_6_0_pre4/src/L1Trigger/Run3Ntuplizer/test/conifer/prj_235138/my_prj_prj/solution3/.autopilot/db/my_prj.pp.0.cpp 
1.	/cvmfs/cms.cern.ch/slc7_amd64_gcc700/external/gcc/7.0.0-pafccj/lib/gcc/x86_64-unknown-linux-gnu/7.4.1/../../../../include/c++/7.4.1/type_traits:2534:58: current parser token 'type'
2.	/cvmfs/cms.cern.ch/slc7_amd64_gcc700/external/gcc/7.0.0-pafccj/lib/gcc/x86_64-unknown-linux-gnu/7.4.1/../../../../include/c++/7.4.1/type_traits:51:1: parsing namespace 'std'
clang: error: unable to execute command: Segmentation fault
clang: error: clang frontend command failed due to signal (use -v to see invocation)
clang: note: diagnostic msg: Please submit a bug report to http://llvm.org/bugs/ and include command line arguments and all diagnostic information.
clang: note: diagnostic msg: Preprocessed source(s) and associated run script(s) are located at:
clang: note: diagnostic msg: /tmp/addropul/my_prj-VgaOwU.ii
clang: note: diagnostic msg: /tmp/addropul/my_prj-VgaOwU.sh\n
ERROR: [HLS 200-70] Compilation errors found: Pragma processor failed: 0  libLLVM-3.1.so  0x00007f7518eff02f
1  libLLVM-3.1.so  0x00007f7518eff344
2  libpthread.so.0 0x00007f751800a630
3  clang           0x0000000000b75360 clang::LocalInstantiationScope::getPartiallySubstitutedPack(clang::TemplateArgument const**, unsigned int*) const + 32
4  clang           0x0000000000ba4378 clang::Sema::CheckParameterPacksForExpansion(clang::SourceLocation, clang::SourceRange, llvm::ArrayRef<std::pair<llvm::PointerUnion<clang::TemplateTypeParmType const*, clang::NamedDecl*>, clang::SourceLocation> >, clang::MultiLevelTemplateArgumentList const&, bool&, bool&, llvm::Optional<unsigned int>&) + 264
5  clang           0x0000000000b7b5c2
6  clang           0x0000000000b845d8
7  clang           0x0000000000b84e04
8  clang           0x0000000000b86938
9  clang           0x0000000000b870f3 clang::Sema::SubstType(clang::QualType, clang::MultiLevelTemplateArgumentList const&, clang::SourceLocation, clang::DeclarationName) + 99
10 clang           0x0000000000b27202 clang::Sema::CheckTemplateIdType(clang::TemplateName, clang::SourceLocation, clang::TemplateArgumentListInfo&) + 1634
11 clang           0x0000000000901646 clang::Sema::ActOnCXXNestedNameSpecifier(clang::Scope*, clang::CXXScopeSpec&, clang::SourceLocation, clang::OpaquePtr<clang::TemplateName>, clang::SourceLocation, clang::SourceLocation, clang::ASTTemplateArgsPtr, clang::SourceLocation, clang::SourceLocation, bool) + 198
12 clang           0x000000000089bfbd clang::Parser::ParseOptionalCXXScopeSpecifier(clang::CXXScopeSpec&, clang::OpaquePtr<clang::QualType>, bool, bool*, bool) + 3869
13 clang           0x000000000085ba38 clang::Parser::TryAnnotateTypeOrScopeToken(bool, bool) + 936
14 clang           0x000000000087007c clang::Parser::ParseDeclarationSpecifiers(clang::DeclSpec&, clang::Parser::ParsedTemplateInfo const&, clang::AccessSpecifier, clang::Parser::DeclSpecContext, llvm::SmallVector<clang::Parser::LateParsedAttribute*, 2u>*) + 3020
15 clang           0x00000000008712f8 clang::Parser::ParseSpecifierQualifierList(clang::DeclSpec&, clang::AccessSpecifier, clang::Parser::DeclSpecContext) + 72
16 clang           0x00000000008717b3 clang::Parser::ParseTypeName(clang::SourceRange*, clang::Declarator::TheContext, clang::AccessSpecifier, clang::Decl**) + 499
17 clang           0x0000000000878fe1 clang::Parser::ParseUsingDeclaration(unsigned int, clang::Parser::ParsedTemplateInfo const&, clang::SourceLocation, clang::SourceLocation&, clang::AccessSpecifier, clang::Decl**) + 2193
18 clang           0x0000000000879358 clang::Parser::ParseUsingDirectiveOrDeclaration(unsigned int, clang::Parser::ParsedTemplateInfo const&, clang::SourceLocation&, clang::Parser::ParsedAttributesWithRange&, clang::Decl**) + 184
19 clang           0x00000000008c23dc clang::Parser::ParseSingleDeclarationAfterTemplate(unsigned int, clang::Parser::ParsedTemplateInfo const&, clang::Parser::ParsingDeclRAIIObject&, clang::SourceLocation&, clang::AccessSpecifier, clang::AttributeList*) + 2492
20 clang           0x00000000008c61f2 clang::Parser::ParseTemplateDeclarationOrSpecialization(unsigned int, clang::SourceLocation&, clang::AccessSpecifier, clang::AttributeList*) + 658
21 clang           0x00000000008c80de clang::Parser::ParseDeclarationStartingWithTemplate(unsigned int, clang::SourceLocation&, clang::AccessSpecifier, clang::AttributeList*) + 94
22 clang           0x0000000000874e6a clang::Parser::ParseDeclaration(clang::ASTOwningVector<clang::Stmt*, 32u>&, unsigned int, clang::SourceLocation&, clang::Parser::ParsedAttributesWithRange&) + 506
23 clang           0x00000000008624d6 clang::Parser::ParseExternalDeclaration(clang::Parser::ParsedAttributesWithRange&, clang::Parser::ParsingDeclSpec*) + 1286
24 clang           0x0000000000880ffe clang::Parser::ParseInnerNamespace(std::vector<clang::SourceLocation, std::allocator<clang::SourceLocation> >&, std::vector<clang::IdentifierInfo*, std::allocator<clang::IdentifierInfo*> >&, std::vector<clang::SourceLocation, std::allocator<clang::SourceLocation> >&, unsigned int, clang::SourceLocation&, clang::ParsedAttributes&, clang::Parser::BalancedDelimiterTracker&) + 350
25 clang           0x000000000088256b clang::Parser::ParseNamespace(unsigned int, clang::SourceLocation&, clang::SourceLocation) + 2235
26 clang           0x0000000000874ec5 clang::Parser::ParseDeclaration(clang::ASTOwningVector<clang::Stmt*, 32u>&, unsigned int, clang::SourceLocation&, clang::Parser::ParsedAttributesWithRange&) + 597
27 clang           0x00000000008624d6 clang::Parser::ParseExternalDeclaration(clang::Parser::ParsedAttributesWithRange&, clang::Parser::ParsingDeclSpec*) + 1286
28 clang           0x0000000000862d51 clang::Parser::ParseTopLevelDecl(clang::OpaquePtr<clang::DeclGroupRef>&) + 225
29 clang           0x0000000000857df1 clang::ParseAST(clang::Sema&, bool, bool) + 305
30 clang           0x000000000070d692 clang::CodeGenAction::ExecuteAction() + 34
31 clang           0x00000000005d770c clang::CompilerInstance::ExecuteAction(clang::FrontendAction&) + 284
32 clang           0x00000000005bd2d3 clang::ExecuteCompilerInvocation(clang::CompilerInstance*) + 1827
33 clang           0x00000000005b3ee1 cc1_main(char const**, char const**, char const*, void*) + 737
34 clang           0x00000000005b11c5 main + 597
35 libc.so.6       0x00007f75171b5555 __libc_start_main + 245
36 clang           0x00000000005b3989
Stack dump:
0.	Program arguments: /data/tools/Xilinx/Vivado/2018.2/lnx64/tools/clang/bin/clang -cc1 -triple x86_64-unknown-linux-gnu -emit-llvm-bc -disable-free -disable-llvm-verifier -main-file-name my_prj.pp.0.cpp -mrelocation-model static -mdisable-fp-elim -masm-verbose -mconstructor-aliases -hls -munwind-tables -target-cpu x86-64 -target-linker-version 2.26.20160125 -momit-leaf-frame-pointer -coverage-file /afs/cern.ch/user/a/addropul/CMSSW_10_6_0_pre4/src/L1Trigger/Run3Ntuplizer/test/conifer/prj_235138/my_prj_prj/solution3/.autopilot/db/useless.bc -resource-dir /data/tools/Xilinx/Vivado/2018.2/lnx64/tools/clang/bin/../lib/clang/3.1 -include etc/autopilot_ssdm_op.h -D __CLANG_3_1__ -D AESL_SYN -D __SYNTHESIS__ -D __HLS_SYN__ -D __DSP48E2__ -I /data/tools/Xilinx/Vivado/2018.2/common/technology/autopilot -I /data/tools/Xilinx/Vivado/2018.2/common/technology/autopilot/ap_sysc -fmodule-cache-path /tmp/addropul/clang-module-cache -internal-isystem /cvmfs/cms.cern.ch/slc7_amd64_gcc700/external/gcc/7.0.0-pafccj/lib/gcc/x86_64-unknown-linux-gnu/7.4.1/../../../../include/c++/7.4.1 -internal-isystem /cvmfs/cms.cern.ch/slc7_amd64_gcc700/external/gcc/7.0.0-pafccj/lib/gcc/x86_64-unknown-linux-gnu/7.4.1/../../../../include/c++/7.4.1/x86_64-unknown-linux-gnu -internal-isystem /cvmfs/cms.cern.ch/slc7_amd64_gcc700/external/gcc/7.0.0-pafccj/lib/gcc/x86_64-unknown-linux-gnu/7.4.1/../../../../include/c++/7.4.1/backward -internal-isystem /usr/local/include -internal-isystem /data/tools/Xilinx/Vivado/2018.2/lnx64/tools/clang/bin/../lib/clang/3.1/include -internal-externc-isystem /include -internal-externc-isystem /usr/include -O0 -std=c++0x -fdeprecated-macro -fdebug-compilation-dir /afs/cern.ch/user/a/addropul/CMSSW_10_6_0_pre4/src/L1Trigger/Run3Ntuplizer/test/conifer/prj_235138 -ferror-limit 19 -fmessage-length 0 -fno-limit-debug-info -mstackrealign -fno-threadsafe-statics -fno-use-cxa-atexit -fgnu-runtime -fobjc-runtime-has-arc -fobjc-runtime-has-weak -fobjc-fragile-abi -fcxx-exceptions -fexceptions -fdiagnostics-show-option -disable-llvm-optzns -o /afs/cern.ch/user/a/addropul/CMSSW_10_6_0_pre4/src/L1Trigger/Run3Ntuplizer/test/conifer/prj_235138/my_prj_prj/solution3/.autopilot/db/useless.bc -x c++ /afs/cern.ch/user/a/addropul/CMSSW_10_6_0_pre4/src/L1Trigger/Run3Ntuplizer/test/conifer/prj_235138/my_prj_prj/solution3/.autopilot/db/my_prj.pp.0.cpp 
1.	/cvmfs/cms.cern.ch/slc7_amd64_gcc700/external/gcc/7.0.0-pafccj/lib/gcc/x86_64-unknown-linux-gnu/7.4.1/../../../../include/c++/7.4.1/type_traits:2534:58: current parser token 'type'
2.	/cvmfs/cms.cern.ch/slc7_amd64_gcc700/external/gcc/7.0.0-pafccj/lib/gcc/x86_64-unknown-linux-gnu/7.4.1/../../../../include/c++/7.4.1/type_traits:51:1: parsing namespace 'std'
clang: error: unable to execute command: Segmentation fault
clang: error: clang frontend command failed due to signal (use -v to see invocation)
clang: note: diagnostic msg: Please submit a bug report to http://llvm.org/bugs/ and include command line arguments and all diagnostic information.
clang: note: diagnostic msg: Preprocessed source(s) and associated run script(s) are located at:
clang: note: diagnostic msg: /tmp/addropul/my_prj-VgaOwU.ii
clang: note: diagnostic msg: /tmp/addropul/my_prj-VgaOwU.sh
==============================================================
File generated by Vivado(TM) HLS - High-Level Synthesis from C, C++ and SystemC
Version: 2018.2
Copyright (C) 1986-2018 Xilinx, Inc. All Rights Reserved.

==============================================================

INFO: [SYN 201-201] Setting up clock 'default' with a period of 5ns.
INFO: [HLS 200-10] Setting target device to 'xcvu9p-flgb2104-2L-e'
INFO: [HLS 200-10] Analyzing design file 'firmware/my_prj.cpp' ... 
WARNING: [HLS 200-40] 0  libLLVM-3.1.so  0x00007f06cb12b02f
1  libLLVM-3.1.so  0x00007f06cb12b344
2  libpthread.so.0 0x00007f06ca236630
3  clang           0x0000000000b75360 clang::LocalInstantiationScope::getPartiallySubstitutedPack(clang::TemplateArgument const**, unsigned int*) const + 32
4  clang           0x0000000000ba4378 clang::Sema::CheckParameterPacksForExpansion(clang::SourceLocation, clang::SourceRange, llvm::ArrayRef<std::pair<llvm::PointerUnion<clang::TemplateTypeParmType const*, clang::NamedDecl*>, clang::SourceLocation> >, clang::MultiLevelTemplateArgumentList const&, bool&, bool&, llvm::Optional<unsigned int>&) + 264
5  clang           0x0000000000b7b5c2
6  clang           0x0000000000b845d8
7  clang           0x0000000000b84e04
8  clang           0x0000000000b86938
9  clang           0x0000000000b870f3 clang::Sema::SubstType(clang::QualType, clang::MultiLevelTemplateArgumentList const&, clang::SourceLocation, clang::DeclarationName) + 99
10 clang           0x0000000000b27202 clang::Sema::CheckTemplateIdType(clang::TemplateName, clang::SourceLocation, clang::TemplateArgumentListInfo&) + 1634
11 clang           0x0000000000901646 clang::Sema::ActOnCXXNestedNameSpecifier(clang::Scope*, clang::CXXScopeSpec&, clang::SourceLocation, clang::OpaquePtr<clang::TemplateName>, clang::SourceLocation, clang::SourceLocation, clang::ASTTemplateArgsPtr, clang::SourceLocation, clang::SourceLocation, bool) + 198
12 clang           0x000000000089bfbd clang::Parser::ParseOptionalCXXScopeSpecifier(clang::CXXScopeSpec&, clang::OpaquePtr<clang::QualType>, bool, bool*, bool) + 3869
13 clang           0x000000000085ba38 clang::Parser::TryAnnotateTypeOrScopeToken(bool, bool) + 936
14 clang           0x000000000087007c clang::Parser::ParseDeclarationSpecifiers(clang::DeclSpec&, clang::Parser::ParsedTemplateInfo const&, clang::AccessSpecifier, clang::Parser::DeclSpecContext, llvm::SmallVector<clang::Parser::LateParsedAttribute*, 2u>*) + 3020
15 clang           0x00000000008712f8 clang::Parser::ParseSpecifierQualifierList(clang::DeclSpec&, clang::AccessSpecifier, clang::Parser::DeclSpecContext) + 72
16 clang           0x00000000008717b3 clang::Parser::ParseTypeName(clang::SourceRange*, clang::Declarator::TheContext, clang::AccessSpecifier, clang::Decl**) + 499
17 clang           0x0000000000878fe1 clang::Parser::ParseUsingDeclaration(unsigned int, clang::Parser::ParsedTemplateInfo const&, clang::SourceLocation, clang::SourceLocation&, clang::AccessSpecifier, clang::Decl**) + 2193
18 clang           0x0000000000879358 clang::Parser::ParseUsingDirectiveOrDeclaration(unsigned int, clang::Parser::ParsedTemplateInfo const&, clang::SourceLocation&, clang::Parser::ParsedAttributesWithRange&, clang::Decl**) + 184
19 clang           0x00000000008c23dc clang::Parser::ParseSingleDeclarationAfterTemplate(unsigned int, clang::Parser::ParsedTemplateInfo const&, clang::Parser::ParsingDeclRAIIObject&, clang::SourceLocation&, clang::AccessSpecifier, clang::AttributeList*) + 2492
20 clang           0x00000000008c61f2 clang::Parser::ParseTemplateDeclarationOrSpecialization(unsigned int, clang::SourceLocation&, clang::AccessSpecifier, clang::AttributeList*) + 658
21 clang           0x00000000008c80de clang::Parser::ParseDeclarationStartingWithTemplate(unsigned int, clang::SourceLocation&, clang::AccessSpecifier, clang::AttributeList*) + 94
22 clang           0x0000000000874e6a clang::Parser::ParseDeclaration(clang::ASTOwningVector<clang::Stmt*, 32u>&, unsigned int, clang::SourceLocation&, clang::Parser::ParsedAttributesWithRange&) + 506
23 clang           0x00000000008624d6 clang::Parser::ParseExternalDeclaration(clang::Parser::ParsedAttributesWithRange&, clang::Parser::ParsingDeclSpec*) + 1286
24 clang           0x0000000000880ffe clang::Parser::ParseInnerNamespace(std::vector<clang::SourceLocation, std::allocator<clang::SourceLocation> >&, std::vector<clang::IdentifierInfo*, std::allocator<clang::IdentifierInfo*> >&, std::vector<clang::SourceLocation, std::allocator<clang::SourceLocation> >&, unsigned int, clang::SourceLocation&, clang::ParsedAttributes&, clang::Parser::BalancedDelimiterTracker&) + 350
25 clang           0x000000000088256b clang::Parser::ParseNamespace(unsigned int, clang::SourceLocation&, clang::SourceLocation) + 2235
26 clang           0x0000000000874ec5 clang::Parser::ParseDeclaration(clang::ASTOwningVector<clang::Stmt*, 32u>&, unsigned int, clang::SourceLocation&, clang::Parser::ParsedAttributesWithRange&) + 597
27 clang           0x00000000008624d6 clang::Parser::ParseExternalDeclaration(clang::Parser::ParsedAttributesWithRange&, clang::Parser::ParsingDeclSpec*) + 1286
28 clang           0x0000000000862d51 clang::Parser::ParseTopLevelDecl(clang::OpaquePtr<clang::DeclGroupRef>&) + 225
29 clang           0x0000000000857df1 clang::ParseAST(clang::Sema&, bool, bool) + 305
30 clang           0x000000000070d692 clang::CodeGenAction::ExecuteAction() + 34
31 clang           0x00000000005d770c clang::CompilerInstance::ExecuteAction(clang::FrontendAction&) + 284
32 clang           0x00000000005bd2d3 clang::ExecuteCompilerInvocation(clang::CompilerInstance*) + 1827
33 clang           0x00000000005b3ee1 cc1_main(char const**, char const**, char const*, void*) + 737
34 clang           0x00000000005b11c5 main + 597
35 libc.so.6       0x00007f06c93e1555 __libc_start_main + 245
36 clang           0x00000000005b3989
Stack dump:
0.	Program arguments: /data/tools/Xilinx/Vivado/2018.2/lnx64/tools/clang/bin/clang -cc1 -triple x86_64-unknown-linux-gnu -emit-llvm-bc -disable-free -disable-llvm-verifier -main-file-name my_prj.pp.0.cpp -mrelocation-model static -mdisable-fp-elim -masm-verbose -mconstructor-aliases -hls -munwind-tables -target-cpu x86-64 -target-linker-version 2.26.20160125 -momit-leaf-frame-pointer -coverage-file /afs/cern.ch/user/a/addropul/CMSSW_10_6_0_pre4/src/L1Trigger/Run3Ntuplizer/test/conifer/prj_235138/my_prj_prj/solution3/.autopilot/db/useless.bc -resource-dir /data/tools/Xilinx/Vivado/2018.2/lnx64/tools/clang/bin/../lib/clang/3.1 -include etc/autopilot_ssdm_op.h -D __CLANG_3_1__ -D AESL_SYN -D __SYNTHESIS__ -D __HLS_SYN__ -D __DSP48E2__ -I /data/tools/Xilinx/Vivado/2018.2/common/technology/autopilot -I /data/tools/Xilinx/Vivado/2018.2/common/technology/autopilot/ap_sysc -fmodule-cache-path /tmp/addropul/clang-module-cache -internal-isystem /cvmfs/cms.cern.ch/slc7_amd64_gcc700/external/gcc/7.0.0-pafccj/lib/gcc/x86_64-unknown-linux-gnu/7.4.1/../../../../include/c++/7.4.1 -internal-isystem /cvmfs/cms.cern.ch/slc7_amd64_gcc700/external/gcc/7.0.0-pafccj/lib/gcc/x86_64-unknown-linux-gnu/7.4.1/../../../../include/c++/7.4.1/x86_64-unknown-linux-gnu -internal-isystem /cvmfs/cms.cern.ch/slc7_amd64_gcc700/external/gcc/7.0.0-pafccj/lib/gcc/x86_64-unknown-linux-gnu/7.4.1/../../../../include/c++/7.4.1/backward -internal-isystem /usr/local/include -internal-isystem /data/tools/Xilinx/Vivado/2018.2/lnx64/tools/clang/bin/../lib/clang/3.1/include -internal-externc-isystem /include -internal-externc-isystem /usr/include -O0 -std=c++0x -fdeprecated-macro -fdebug-compilation-dir /afs/cern.ch/user/a/addropul/CMSSW_10_6_0_pre4/src/L1Trigger/Run3Ntuplizer/test/conifer/prj_235138 -ferror-limit 19 -fmessage-length 0 -fno-limit-debug-info -mstackrealign -fno-threadsafe-statics -fno-use-cxa-atexit -fgnu-runtime -fobjc-runtime-has-arc -fobjc-runtime-has-weak -fobjc-fragile-abi -fcxx-exceptions -fexceptions -fdiagnostics-show-option -disable-llvm-optzns -o /afs/cern.ch/user/a/addropul/CMSSW_10_6_0_pre4/src/L1Trigger/Run3Ntuplizer/test/conifer/prj_235138/my_prj_prj/solution3/.autopilot/db/useless.bc -x c++ /afs/cern.ch/user/a/addropul/CMSSW_10_6_0_pre4/src/L1Trigger/Run3Ntuplizer/test/conifer/prj_235138/my_prj_prj/solution3/.autopilot/db/my_prj.pp.0.cpp 
1.	/cvmfs/cms.cern.ch/slc7_amd64_gcc700/external/gcc/7.0.0-pafccj/lib/gcc/x86_64-unknown-linux-gnu/7.4.1/../../../../include/c++/7.4.1/type_traits:2534:58: current parser token 'type'
2.	/cvmfs/cms.cern.ch/slc7_amd64_gcc700/external/gcc/7.0.0-pafccj/lib/gcc/x86_64-unknown-linux-gnu/7.4.1/../../../../include/c++/7.4.1/type_traits:51:1: parsing namespace 'std'
clang: error: unable to execute command: Segmentation fault
clang: error: clang frontend command failed due to signal (use -v to see invocation)
clang: note: diagnostic msg: Please submit a bug report to http://llvm.org/bugs/ and include command line arguments and all diagnostic information.
clang: note: diagnostic msg: Preprocessed source(s) and associated run script(s) are located at:
clang: note: diagnostic msg: /tmp/addropul/my_prj-6OXCxH.ii
clang: note: diagnostic msg: /tmp/addropul/my_prj-6OXCxH.sh\n
ERROR: [HLS 200-70] Compilation errors found: Pragma processor failed: 0  libLLVM-3.1.so  0x00007f06cb12b02f
1  libLLVM-3.1.so  0x00007f06cb12b344
2  libpthread.so.0 0x00007f06ca236630
3  clang           0x0000000000b75360 clang::LocalInstantiationScope::getPartiallySubstitutedPack(clang::TemplateArgument const**, unsigned int*) const + 32
4  clang           0x0000000000ba4378 clang::Sema::CheckParameterPacksForExpansion(clang::SourceLocation, clang::SourceRange, llvm::ArrayRef<std::pair<llvm::PointerUnion<clang::TemplateTypeParmType const*, clang::NamedDecl*>, clang::SourceLocation> >, clang::MultiLevelTemplateArgumentList const&, bool&, bool&, llvm::Optional<unsigned int>&) + 264
5  clang           0x0000000000b7b5c2
6  clang           0x0000000000b845d8
7  clang           0x0000000000b84e04
8  clang           0x0000000000b86938
9  clang           0x0000000000b870f3 clang::Sema::SubstType(clang::QualType, clang::MultiLevelTemplateArgumentList const&, clang::SourceLocation, clang::DeclarationName) + 99
10 clang           0x0000000000b27202 clang::Sema::CheckTemplateIdType(clang::TemplateName, clang::SourceLocation, clang::TemplateArgumentListInfo&) + 1634
11 clang           0x0000000000901646 clang::Sema::ActOnCXXNestedNameSpecifier(clang::Scope*, clang::CXXScopeSpec&, clang::SourceLocation, clang::OpaquePtr<clang::TemplateName>, clang::SourceLocation, clang::SourceLocation, clang::ASTTemplateArgsPtr, clang::SourceLocation, clang::SourceLocation, bool) + 198
12 clang           0x000000000089bfbd clang::Parser::ParseOptionalCXXScopeSpecifier(clang::CXXScopeSpec&, clang::OpaquePtr<clang::QualType>, bool, bool*, bool) + 3869
13 clang           0x000000000085ba38 clang::Parser::TryAnnotateTypeOrScopeToken(bool, bool) + 936
14 clang           0x000000000087007c clang::Parser::ParseDeclarationSpecifiers(clang::DeclSpec&, clang::Parser::ParsedTemplateInfo const&, clang::AccessSpecifier, clang::Parser::DeclSpecContext, llvm::SmallVector<clang::Parser::LateParsedAttribute*, 2u>*) + 3020
15 clang           0x00000000008712f8 clang::Parser::ParseSpecifierQualifierList(clang::DeclSpec&, clang::AccessSpecifier, clang::Parser::DeclSpecContext) + 72
16 clang           0x00000000008717b3 clang::Parser::ParseTypeName(clang::SourceRange*, clang::Declarator::TheContext, clang::AccessSpecifier, clang::Decl**) + 499
17 clang           0x0000000000878fe1 clang::Parser::ParseUsingDeclaration(unsigned int, clang::Parser::ParsedTemplateInfo const&, clang::SourceLocation, clang::SourceLocation&, clang::AccessSpecifier, clang::Decl**) + 2193
18 clang           0x0000000000879358 clang::Parser::ParseUsingDirectiveOrDeclaration(unsigned int, clang::Parser::ParsedTemplateInfo const&, clang::SourceLocation&, clang::Parser::ParsedAttributesWithRange&, clang::Decl**) + 184
19 clang           0x00000000008c23dc clang::Parser::ParseSingleDeclarationAfterTemplate(unsigned int, clang::Parser::ParsedTemplateInfo const&, clang::Parser::ParsingDeclRAIIObject&, clang::SourceLocation&, clang::AccessSpecifier, clang::AttributeList*) + 2492
20 clang           0x00000000008c61f2 clang::Parser::ParseTemplateDeclarationOrSpecialization(unsigned int, clang::SourceLocation&, clang::AccessSpecifier, clang::AttributeList*) + 658
21 clang           0x00000000008c80de clang::Parser::ParseDeclarationStartingWithTemplate(unsigned int, clang::SourceLocation&, clang::AccessSpecifier, clang::AttributeList*) + 94
22 clang           0x0000000000874e6a clang::Parser::ParseDeclaration(clang::ASTOwningVector<clang::Stmt*, 32u>&, unsigned int, clang::SourceLocation&, clang::Parser::ParsedAttributesWithRange&) + 506
23 clang           0x00000000008624d6 clang::Parser::ParseExternalDeclaration(clang::Parser::ParsedAttributesWithRange&, clang::Parser::ParsingDeclSpec*) + 1286
24 clang           0x0000000000880ffe clang::Parser::ParseInnerNamespace(std::vector<clang::SourceLocation, std::allocator<clang::SourceLocation> >&, std::vector<clang::IdentifierInfo*, std::allocator<clang::IdentifierInfo*> >&, std::vector<clang::SourceLocation, std::allocator<clang::SourceLocation> >&, unsigned int, clang::SourceLocation&, clang::ParsedAttributes&, clang::Parser::BalancedDelimiterTracker&) + 350
25 clang           0x000000000088256b clang::Parser::ParseNamespace(unsigned int, clang::SourceLocation&, clang::SourceLocation) + 2235
26 clang           0x0000000000874ec5 clang::Parser::ParseDeclaration(clang::ASTOwningVector<clang::Stmt*, 32u>&, unsigned int, clang::SourceLocation&, clang::Parser::ParsedAttributesWithRange&) + 597
27 clang           0x00000000008624d6 clang::Parser::ParseExternalDeclaration(clang::Parser::ParsedAttributesWithRange&, clang::Parser::ParsingDeclSpec*) + 1286
28 clang           0x0000000000862d51 clang::Parser::ParseTopLevelDecl(clang::OpaquePtr<clang::DeclGroupRef>&) + 225
29 clang           0x0000000000857df1 clang::ParseAST(clang::Sema&, bool, bool) + 305
30 clang           0x000000000070d692 clang::CodeGenAction::ExecuteAction() + 34
31 clang           0x00000000005d770c clang::CompilerInstance::ExecuteAction(clang::FrontendAction&) + 284
32 clang           0x00000000005bd2d3 clang::ExecuteCompilerInvocation(clang::CompilerInstance*) + 1827
33 clang           0x00000000005b3ee1 cc1_main(char const**, char const**, char const*, void*) + 737
34 clang           0x00000000005b11c5 main + 597
35 libc.so.6       0x00007f06c93e1555 __libc_start_main + 245
36 clang           0x00000000005b3989
Stack dump:
0.	Program arguments: /data/tools/Xilinx/Vivado/2018.2/lnx64/tools/clang/bin/clang -cc1 -triple x86_64-unknown-linux-gnu -emit-llvm-bc -disable-free -disable-llvm-verifier -main-file-name my_prj.pp.0.cpp -mrelocation-model static -mdisable-fp-elim -masm-verbose -mconstructor-aliases -hls -munwind-tables -target-cpu x86-64 -target-linker-version 2.26.20160125 -momit-leaf-frame-pointer -coverage-file /afs/cern.ch/user/a/addropul/CMSSW_10_6_0_pre4/src/L1Trigger/Run3Ntuplizer/test/conifer/prj_235138/my_prj_prj/solution3/.autopilot/db/useless.bc -resource-dir /data/tools/Xilinx/Vivado/2018.2/lnx64/tools/clang/bin/../lib/clang/3.1 -include etc/autopilot_ssdm_op.h -D __CLANG_3_1__ -D AESL_SYN -D __SYNTHESIS__ -D __HLS_SYN__ -D __DSP48E2__ -I /data/tools/Xilinx/Vivado/2018.2/common/technology/autopilot -I /data/tools/Xilinx/Vivado/2018.2/common/technology/autopilot/ap_sysc -fmodule-cache-path /tmp/addropul/clang-module-cache -internal-isystem /cvmfs/cms.cern.ch/slc7_amd64_gcc700/external/gcc/7.0.0-pafccj/lib/gcc/x86_64-unknown-linux-gnu/7.4.1/../../../../include/c++/7.4.1 -internal-isystem /cvmfs/cms.cern.ch/slc7_amd64_gcc700/external/gcc/7.0.0-pafccj/lib/gcc/x86_64-unknown-linux-gnu/7.4.1/../../../../include/c++/7.4.1/x86_64-unknown-linux-gnu -internal-isystem /cvmfs/cms.cern.ch/slc7_amd64_gcc700/external/gcc/7.0.0-pafccj/lib/gcc/x86_64-unknown-linux-gnu/7.4.1/../../../../include/c++/7.4.1/backward -internal-isystem /usr/local/include -internal-isystem /data/tools/Xilinx/Vivado/2018.2/lnx64/tools/clang/bin/../lib/clang/3.1/include -internal-externc-isystem /include -internal-externc-isystem /usr/include -O0 -std=c++0x -fdeprecated-macro -fdebug-compilation-dir /afs/cern.ch/user/a/addropul/CMSSW_10_6_0_pre4/src/L1Trigger/Run3Ntuplizer/test/conifer/prj_235138 -ferror-limit 19 -fmessage-length 0 -fno-limit-debug-info -mstackrealign -fno-threadsafe-statics -fno-use-cxa-atexit -fgnu-runtime -fobjc-runtime-has-arc -fobjc-runtime-has-weak -fobjc-fragile-abi -fcxx-exceptions -fexceptions -fdiagnostics-show-option -disable-llvm-optzns -o /afs/cern.ch/user/a/addropul/CMSSW_10_6_0_pre4/src/L1Trigger/Run3Ntuplizer/test/conifer/prj_235138/my_prj_prj/solution3/.autopilot/db/useless.bc -x c++ /afs/cern.ch/user/a/addropul/CMSSW_10_6_0_pre4/src/L1Trigger/Run3Ntuplizer/test/conifer/prj_235138/my_prj_prj/solution3/.autopilot/db/my_prj.pp.0.cpp 
1.	/cvmfs/cms.cern.ch/slc7_amd64_gcc700/external/gcc/7.0.0-pafccj/lib/gcc/x86_64-unknown-linux-gnu/7.4.1/../../../../include/c++/7.4.1/type_traits:2534:58: current parser token 'type'
2.	/cvmfs/cms.cern.ch/slc7_amd64_gcc700/external/gcc/7.0.0-pafccj/lib/gcc/x86_64-unknown-linux-gnu/7.4.1/../../../../include/c++/7.4.1/type_traits:51:1: parsing namespace 'std'
clang: error: unable to execute command: Segmentation fault
clang: error: clang frontend command failed due to signal (use -v to see invocation)
clang: note: diagnostic msg: Please submit a bug report to http://llvm.org/bugs/ and include command line arguments and all diagnostic information.
clang: note: diagnostic msg: Preprocessed source(s) and associated run script(s) are located at:
clang: note: diagnostic msg: /tmp/addropul/my_prj-6OXCxH.ii
clang: note: diagnostic msg: /tmp/addropul/my_prj-6OXCxH.sh
