

================================================================
== Vivado HLS Report for 'my_prj'
================================================================
* Date:           Fri Jul 24 12:23:44 2020

* Version:        2019.1 (Build 2552052 on Fri May 24 15:28:33 MDT 2019)
* Project:        my_prj_prj
* Solution:       solution1
* Product family: virtexuplus
* Target device:  xcvu9p-flgb2104-2L-e


================================================================
== Performance Estimates
================================================================
+ Timing (ns): 
    * Summary: 
    +--------+-------+----------+------------+
    |  Clock | Target| Estimated| Uncertainty|
    +--------+-------+----------+------------+
    |ap_clk  |   5.00|     4.313|        0.62|
    +--------+-------+----------+------------+

+ Latency (clock cycles): 
    * Summary: 
    +-----+-----+-----+-----+----------+
    |  Latency  |  Interval | Pipeline |
    | min | max | min | max |   Type   |
    +-----+-----+-----+-----+----------+
    |    6|    6|    2|    2| function |
    +-----+-----+-----+-----+----------+

    + Detail: 
        * Instance: 
        +------------------------------+-------------------+-----+-----+-----+-----+----------+
        |                              |                   |  Latency  |  Interval | Pipeline |
        |           Instance           |       Module      | min | max | min | max |   Type   |
        +------------------------------+-------------------+-----+-----+-----+-----+----------+
        |grp_decision_function_fu_250  |decision_function  |    3|    3|    1|    1| function |
        |grp_decision_function_fu_364  |decision_function  |    3|    3|    1|    1| function |
        +------------------------------+-------------------+-----+-----+-----+-----+----------+

        * Loop: 
        N/A



================================================================
== Utilization Estimates
================================================================
* Summary: 
+---------------------+---------+-------+---------+---------+-----+
|         Name        | BRAM_18K| DSP48E|    FF   |   LUT   | URAM|
+---------------------+---------+-------+---------+---------+-----+
|DSP                  |        -|      1|        -|        -|    -|
|Expression           |        -|      -|        0|       58|    -|
|FIFO                 |        -|      -|        -|        -|    -|
|Instance             |        0|      -|     2154|    14006|    -|
|Memory               |        -|      -|        -|        -|    -|
|Multiplexer          |        -|      -|        -|     1443|    -|
|Register             |        -|      -|      168|        -|    -|
+---------------------+---------+-------+---------+---------+-----+
|Total                |        0|      1|     2322|    15507|    0|
+---------------------+---------+-------+---------+---------+-----+
|Available SLR        |     1440|   2280|   788160|   394080|  320|
+---------------------+---------+-------+---------+---------+-----+
|Utilization SLR (%)  |        0|   ~0  |    ~0   |        3|    0|
+---------------------+---------+-------+---------+---------+-----+
|Available            |     4320|   6840|  2364480|  1182240|  960|
+---------------------+---------+-------+---------+---------+-----+
|Utilization (%)      |        0|   ~0  |    ~0   |        1|    0|
+---------------------+---------+-------+---------+---------+-----+

+ Detail: 
    * Instance: 
    +------------------------------+-------------------+---------+-------+------+------+-----+
    |           Instance           |       Module      | BRAM_18K| DSP48E|  FF  |  LUT | URAM|
    +------------------------------+-------------------+---------+-------+------+------+-----+
    |grp_decision_function_fu_250  |decision_function  |        0|      0|  1077|  7003|    0|
    |grp_decision_function_fu_364  |decision_function  |        0|      0|  1077|  7003|    0|
    +------------------------------+-------------------+---------+-------+------+------+-----+
    |Total                         |                   |        0|      0|  2154| 14006|    0|
    +------------------------------+-------------------+---------+-------+------+------+-----+

    * DSP48E: 
    +-------------------------------------+--------------------------------+-----------+
    |               Instance              |             Module             | Expression|
    +-------------------------------------+--------------------------------+-----------+
    |my_prj_mul_mul_18s_11ns_28_1_1_U107  |my_prj_mul_mul_18s_11ns_28_1_1  |  i0 * i1  |
    +-------------------------------------+--------------------------------+-----------+

    * Memory: 
    N/A

    * FIFO: 
    N/A

    * Expression: 
    +---------------------------+----------+-------+---+----+------------+------------+
    |       Variable Name       | Operation| DSP48E| FF| LUT| Bitwidth P0| Bitwidth P1|
    +---------------------------+----------+-------+---+----+------------+------------+
    |add_ln703_1_fu_562_p2      |     +    |      0|  0|  18|          18|          18|
    |add_ln703_2_fu_566_p2      |     +    |      0|  0|  18|          18|          18|
    |add_ln703_fu_558_p2        |     +    |      0|  0|  18|          18|          18|
    |ap_block_pp0_stage0_01001  |    and   |      0|  0|   2|           1|           1|
    |ap_enable_pp0              |    xor   |      0|  0|   2|           1|           2|
    +---------------------------+----------+-------+---+----+------------+------------+
    |Total                      |          |      0|  0|  58|          56|          57|
    +---------------------------+----------+-------+---+----+------------+------------+

    * Multiplexer: 
    +-------------------------------------------------------------------------------------------------------------------------+----+-----------+-----+-----------+
    |                                                           Name                                                          | LUT| Input Size| Bits| Total Bits|
    +-------------------------------------------------------------------------------------------------------------------------+----+-----------+-----+-----------+
    |ap_NS_fsm                                                                                                                |  15|          3|    1|          3|
    |ap_enable_reg_pp0_iter0                                                                                                  |   9|          2|    1|          2|
    |ap_enable_reg_pp0_iter3                                                                                                  |   9|          2|    1|          2|
    |grp_decision_function_fu_250_Tree_3_ap_fixed_18_8_5_3_0_5_ap_fixed_18_8_5_3_0_ap_fixed_18_8_5_3_0_10_value_V_read        |  15|          3|   11|         33|
    |grp_decision_function_fu_250_Tree_3_ap_fixed_18_8_5_3_0_5_ap_fixed_18_8_5_3_0_ap_fixed_18_8_5_3_0_11_parent_read         |  15|          3|    5|         15|
    |grp_decision_function_fu_250_Tree_3_ap_fixed_18_8_5_3_0_5_ap_fixed_18_8_5_3_0_ap_fixed_18_8_5_3_0_11_value_V_read        |  15|          3|   11|         33|
    |grp_decision_function_fu_250_Tree_3_ap_fixed_18_8_5_3_0_5_ap_fixed_18_8_5_3_0_ap_fixed_18_8_5_3_0_12_parent_read         |  15|          3|    5|         15|
    |grp_decision_function_fu_250_Tree_3_ap_fixed_18_8_5_3_0_5_ap_fixed_18_8_5_3_0_ap_fixed_18_8_5_3_0_12_value_V_read        |  15|          3|   11|         33|
    |grp_decision_function_fu_250_Tree_3_ap_fixed_18_8_5_3_0_5_ap_fixed_18_8_5_3_0_ap_fixed_18_8_5_3_0_13_value_V_read        |  15|          3|   11|         33|
    |grp_decision_function_fu_250_Tree_3_ap_fixed_18_8_5_3_0_5_ap_fixed_18_8_5_3_0_ap_fixed_18_8_5_3_0_14_value_V_read        |  15|          3|   11|         33|
    |grp_decision_function_fu_250_Tree_3_ap_fixed_18_8_5_3_0_5_ap_fixed_18_8_5_3_0_ap_fixed_18_8_5_3_0_1_threshold_V_read     |  15|          3|   17|         51|
    |grp_decision_function_fu_250_Tree_3_ap_fixed_18_8_5_3_0_5_ap_fixed_18_8_5_3_0_ap_fixed_18_8_5_3_0_2_children_left_read   |  15|          3|    5|         15|
    |grp_decision_function_fu_250_Tree_3_ap_fixed_18_8_5_3_0_5_ap_fixed_18_8_5_3_0_ap_fixed_18_8_5_3_0_2_feature_read         |  15|          3|    4|         12|
    |grp_decision_function_fu_250_Tree_3_ap_fixed_18_8_5_3_0_5_ap_fixed_18_8_5_3_0_ap_fixed_18_8_5_3_0_2_threshold_V_read     |  15|          3|   18|         54|
    |grp_decision_function_fu_250_Tree_3_ap_fixed_18_8_5_3_0_5_ap_fixed_18_8_5_3_0_ap_fixed_18_8_5_3_0_2_value_V_read         |  15|          3|   11|         33|
    |grp_decision_function_fu_250_Tree_3_ap_fixed_18_8_5_3_0_5_ap_fixed_18_8_5_3_0_ap_fixed_18_8_5_3_0_3_children_left_read   |  15|          3|    4|         12|
    |grp_decision_function_fu_250_Tree_3_ap_fixed_18_8_5_3_0_5_ap_fixed_18_8_5_3_0_ap_fixed_18_8_5_3_0_3_feature_read         |  15|          3|    5|         15|
    |grp_decision_function_fu_250_Tree_3_ap_fixed_18_8_5_3_0_5_ap_fixed_18_8_5_3_0_ap_fixed_18_8_5_3_0_3_parent_read          |  15|          3|    4|         12|
    |grp_decision_function_fu_250_Tree_3_ap_fixed_18_8_5_3_0_5_ap_fixed_18_8_5_3_0_ap_fixed_18_8_5_3_0_3_threshold_V_read     |  15|          3|   18|         54|
    |grp_decision_function_fu_250_Tree_3_ap_fixed_18_8_5_3_0_5_ap_fixed_18_8_5_3_0_ap_fixed_18_8_5_3_0_3_value_V_read         |  15|          3|   11|         33|
    |grp_decision_function_fu_250_Tree_3_ap_fixed_18_8_5_3_0_5_ap_fixed_18_8_5_3_0_ap_fixed_18_8_5_3_0_4_parent_read          |  15|          3|    3|          9|
    |grp_decision_function_fu_250_Tree_3_ap_fixed_18_8_5_3_0_5_ap_fixed_18_8_5_3_0_ap_fixed_18_8_5_3_0_4_value_V_read         |  15|          3|   11|         33|
    |grp_decision_function_fu_250_Tree_3_ap_fixed_18_8_5_3_0_5_ap_fixed_18_8_5_3_0_ap_fixed_18_8_5_3_0_5_children_left_read   |  15|          3|    4|         12|
    |grp_decision_function_fu_250_Tree_3_ap_fixed_18_8_5_3_0_5_ap_fixed_18_8_5_3_0_ap_fixed_18_8_5_3_0_5_parent_read          |  15|          3|    3|          9|
    |grp_decision_function_fu_250_Tree_3_ap_fixed_18_8_5_3_0_5_ap_fixed_18_8_5_3_0_ap_fixed_18_8_5_3_0_5_value_V_read         |  15|          3|   11|         33|
    |grp_decision_function_fu_250_Tree_3_ap_fixed_18_8_5_3_0_5_ap_fixed_18_8_5_3_0_ap_fixed_18_8_5_3_0_6_children_left_read   |  15|          3|    5|         15|
    |grp_decision_function_fu_250_Tree_3_ap_fixed_18_8_5_3_0_5_ap_fixed_18_8_5_3_0_ap_fixed_18_8_5_3_0_6_feature_read         |  15|          3|    4|         12|
    |grp_decision_function_fu_250_Tree_3_ap_fixed_18_8_5_3_0_5_ap_fixed_18_8_5_3_0_ap_fixed_18_8_5_3_0_6_value_V_read         |  15|          3|   11|         33|
    |grp_decision_function_fu_250_Tree_3_ap_fixed_18_8_5_3_0_5_ap_fixed_18_8_5_3_0_ap_fixed_18_8_5_3_0_7_children_left_read   |  15|          3|    5|         15|
    |grp_decision_function_fu_250_Tree_3_ap_fixed_18_8_5_3_0_5_ap_fixed_18_8_5_3_0_ap_fixed_18_8_5_3_0_7_feature_read         |  15|          3|    4|         12|
    |grp_decision_function_fu_250_Tree_3_ap_fixed_18_8_5_3_0_5_ap_fixed_18_8_5_3_0_ap_fixed_18_8_5_3_0_7_parent_read          |  15|          3|    4|         12|
    |grp_decision_function_fu_250_Tree_3_ap_fixed_18_8_5_3_0_5_ap_fixed_18_8_5_3_0_ap_fixed_18_8_5_3_0_7_threshold_V_read     |  15|          3|   18|         54|
    |grp_decision_function_fu_250_Tree_3_ap_fixed_18_8_5_3_0_5_ap_fixed_18_8_5_3_0_ap_fixed_18_8_5_3_0_7_value_V_read         |  15|          3|   11|         33|
    |grp_decision_function_fu_250_Tree_3_ap_fixed_18_8_5_3_0_5_ap_fixed_18_8_5_3_0_ap_fixed_18_8_5_3_0_8_parent_read          |  15|          3|    4|         12|
    |grp_decision_function_fu_250_Tree_3_ap_fixed_18_8_5_3_0_5_ap_fixed_18_8_5_3_0_ap_fixed_18_8_5_3_0_8_value_V_read         |  15|          3|   11|         33|
    |grp_decision_function_fu_250_Tree_3_ap_fixed_18_8_5_3_0_5_ap_fixed_18_8_5_3_0_ap_fixed_18_8_5_3_0_9_children_left_read   |  15|          3|    5|         15|
    |grp_decision_function_fu_250_Tree_3_ap_fixed_18_8_5_3_0_5_ap_fixed_18_8_5_3_0_ap_fixed_18_8_5_3_0_9_parent_read          |  15|          3|    4|         12|
    |grp_decision_function_fu_250_Tree_3_ap_fixed_18_8_5_3_0_5_ap_fixed_18_8_5_3_0_ap_fixed_18_8_5_3_0_9_value_V_read         |  15|          3|   11|         33|
    |grp_decision_function_fu_250_x_0_V_read                                                                                  |  15|          3|   18|         54|
    |grp_decision_function_fu_250_x_1_V_read                                                                                  |  15|          3|   18|         54|
    |grp_decision_function_fu_250_x_2_V_read                                                                                  |  15|          3|   18|         54|
    |grp_decision_function_fu_250_x_3_V_read                                                                                  |  15|          3|   18|         54|
    |grp_decision_function_fu_250_x_4_V_read                                                                                  |  15|          3|   18|         54|
    |grp_decision_function_fu_364_Tree_3_ap_fixed_18_8_5_3_0_5_ap_fixed_18_8_5_3_0_ap_fixed_18_8_5_3_0_0_children_left_read   |  15|          3|    4|         12|
    |grp_decision_function_fu_364_Tree_3_ap_fixed_18_8_5_3_0_5_ap_fixed_18_8_5_3_0_ap_fixed_18_8_5_3_0_0_feature_read         |  15|          3|    4|         12|
    |grp_decision_function_fu_364_Tree_3_ap_fixed_18_8_5_3_0_5_ap_fixed_18_8_5_3_0_ap_fixed_18_8_5_3_0_0_threshold_V_read     |  15|          3|   18|         54|
    |grp_decision_function_fu_364_Tree_3_ap_fixed_18_8_5_3_0_5_ap_fixed_18_8_5_3_0_ap_fixed_18_8_5_3_0_10_children_left_read  |  15|          3|    5|         15|
    |grp_decision_function_fu_364_Tree_3_ap_fixed_18_8_5_3_0_5_ap_fixed_18_8_5_3_0_ap_fixed_18_8_5_3_0_10_parent_read         |  15|          3|    4|         12|
    |grp_decision_function_fu_364_Tree_3_ap_fixed_18_8_5_3_0_5_ap_fixed_18_8_5_3_0_ap_fixed_18_8_5_3_0_10_value_V_read        |  15|          3|   11|         33|
    |grp_decision_function_fu_364_Tree_3_ap_fixed_18_8_5_3_0_5_ap_fixed_18_8_5_3_0_ap_fixed_18_8_5_3_0_11_parent_read         |  15|          3|    5|         15|
    |grp_decision_function_fu_364_Tree_3_ap_fixed_18_8_5_3_0_5_ap_fixed_18_8_5_3_0_ap_fixed_18_8_5_3_0_11_value_V_read        |  15|          3|   11|         33|
    |grp_decision_function_fu_364_Tree_3_ap_fixed_18_8_5_3_0_5_ap_fixed_18_8_5_3_0_ap_fixed_18_8_5_3_0_12_parent_read         |  15|          3|    5|         15|
    |grp_decision_function_fu_364_Tree_3_ap_fixed_18_8_5_3_0_5_ap_fixed_18_8_5_3_0_ap_fixed_18_8_5_3_0_12_value_V_read        |  15|          3|   11|         33|
    |grp_decision_function_fu_364_Tree_3_ap_fixed_18_8_5_3_0_5_ap_fixed_18_8_5_3_0_ap_fixed_18_8_5_3_0_13_parent_read         |  15|          3|    5|         15|
    |grp_decision_function_fu_364_Tree_3_ap_fixed_18_8_5_3_0_5_ap_fixed_18_8_5_3_0_ap_fixed_18_8_5_3_0_13_value_V_read        |  15|          3|   11|         33|
    |grp_decision_function_fu_364_Tree_3_ap_fixed_18_8_5_3_0_5_ap_fixed_18_8_5_3_0_ap_fixed_18_8_5_3_0_14_parent_read         |  15|          3|    5|         15|
    |grp_decision_function_fu_364_Tree_3_ap_fixed_18_8_5_3_0_5_ap_fixed_18_8_5_3_0_ap_fixed_18_8_5_3_0_14_value_V_read        |  15|          3|   11|         33|
    |grp_decision_function_fu_364_Tree_3_ap_fixed_18_8_5_3_0_5_ap_fixed_18_8_5_3_0_ap_fixed_18_8_5_3_0_1_children_left_read   |  15|          3|    4|         12|
    |grp_decision_function_fu_364_Tree_3_ap_fixed_18_8_5_3_0_5_ap_fixed_18_8_5_3_0_ap_fixed_18_8_5_3_0_1_feature_read         |  15|          3|    4|         12|
    |grp_decision_function_fu_364_Tree_3_ap_fixed_18_8_5_3_0_5_ap_fixed_18_8_5_3_0_ap_fixed_18_8_5_3_0_1_threshold_V_read     |  15|          3|   17|         51|
    |grp_decision_function_fu_364_Tree_3_ap_fixed_18_8_5_3_0_5_ap_fixed_18_8_5_3_0_ap_fixed_18_8_5_3_0_1_value_V_read         |  15|          3|   11|         33|
    |grp_decision_function_fu_364_Tree_3_ap_fixed_18_8_5_3_0_5_ap_fixed_18_8_5_3_0_ap_fixed_18_8_5_3_0_2_children_left_read   |  15|          3|    5|         15|
    |grp_decision_function_fu_364_Tree_3_ap_fixed_18_8_5_3_0_5_ap_fixed_18_8_5_3_0_ap_fixed_18_8_5_3_0_2_feature_read         |  15|          3|    4|         12|
    |grp_decision_function_fu_364_Tree_3_ap_fixed_18_8_5_3_0_5_ap_fixed_18_8_5_3_0_ap_fixed_18_8_5_3_0_2_parent_read          |  15|          3|    1|          3|
    |grp_decision_function_fu_364_Tree_3_ap_fixed_18_8_5_3_0_5_ap_fixed_18_8_5_3_0_ap_fixed_18_8_5_3_0_2_threshold_V_read     |  15|          3|   18|         54|
    |grp_decision_function_fu_364_Tree_3_ap_fixed_18_8_5_3_0_5_ap_fixed_18_8_5_3_0_ap_fixed_18_8_5_3_0_2_value_V_read         |  15|          3|   11|         33|
    |grp_decision_function_fu_364_Tree_3_ap_fixed_18_8_5_3_0_5_ap_fixed_18_8_5_3_0_ap_fixed_18_8_5_3_0_3_children_left_read   |  15|          3|    4|         12|
    |grp_decision_function_fu_364_Tree_3_ap_fixed_18_8_5_3_0_5_ap_fixed_18_8_5_3_0_ap_fixed_18_8_5_3_0_3_feature_read         |  15|          3|    5|         15|
    |grp_decision_function_fu_364_Tree_3_ap_fixed_18_8_5_3_0_5_ap_fixed_18_8_5_3_0_ap_fixed_18_8_5_3_0_3_parent_read          |  15|          3|    4|         12|
    |grp_decision_function_fu_364_Tree_3_ap_fixed_18_8_5_3_0_5_ap_fixed_18_8_5_3_0_ap_fixed_18_8_5_3_0_3_threshold_V_read     |  15|          3|   18|         54|
    |grp_decision_function_fu_364_Tree_3_ap_fixed_18_8_5_3_0_5_ap_fixed_18_8_5_3_0_ap_fixed_18_8_5_3_0_3_value_V_read         |  15|          3|   11|         33|
    |grp_decision_function_fu_364_Tree_3_ap_fixed_18_8_5_3_0_5_ap_fixed_18_8_5_3_0_ap_fixed_18_8_5_3_0_4_children_left_read   |  15|          3|    5|         15|
    |grp_decision_function_fu_364_Tree_3_ap_fixed_18_8_5_3_0_5_ap_fixed_18_8_5_3_0_ap_fixed_18_8_5_3_0_4_parent_read          |  15|          3|    3|          9|
    |grp_decision_function_fu_364_Tree_3_ap_fixed_18_8_5_3_0_5_ap_fixed_18_8_5_3_0_ap_fixed_18_8_5_3_0_4_value_V_read         |  15|          3|   11|         33|
    |grp_decision_function_fu_364_Tree_3_ap_fixed_18_8_5_3_0_5_ap_fixed_18_8_5_3_0_ap_fixed_18_8_5_3_0_5_parent_read          |  15|          3|    3|          9|
    |grp_decision_function_fu_364_Tree_3_ap_fixed_18_8_5_3_0_5_ap_fixed_18_8_5_3_0_ap_fixed_18_8_5_3_0_5_value_V_read         |  15|          3|   11|         33|
    |grp_decision_function_fu_364_Tree_3_ap_fixed_18_8_5_3_0_5_ap_fixed_18_8_5_3_0_ap_fixed_18_8_5_3_0_6_children_left_read   |  15|          3|    5|         15|
    |grp_decision_function_fu_364_Tree_3_ap_fixed_18_8_5_3_0_5_ap_fixed_18_8_5_3_0_ap_fixed_18_8_5_3_0_6_threshold_V_read     |  15|          3|   18|         54|
    |grp_decision_function_fu_364_Tree_3_ap_fixed_18_8_5_3_0_5_ap_fixed_18_8_5_3_0_ap_fixed_18_8_5_3_0_6_value_V_read         |  15|          3|   11|         33|
    |grp_decision_function_fu_364_Tree_3_ap_fixed_18_8_5_3_0_5_ap_fixed_18_8_5_3_0_ap_fixed_18_8_5_3_0_7_children_left_read   |  15|          3|    5|         15|
    |grp_decision_function_fu_364_Tree_3_ap_fixed_18_8_5_3_0_5_ap_fixed_18_8_5_3_0_ap_fixed_18_8_5_3_0_7_parent_read          |  15|          3|    4|         12|
    |grp_decision_function_fu_364_Tree_3_ap_fixed_18_8_5_3_0_5_ap_fixed_18_8_5_3_0_ap_fixed_18_8_5_3_0_7_value_V_read         |  15|          3|   11|         33|
    |grp_decision_function_fu_364_Tree_3_ap_fixed_18_8_5_3_0_5_ap_fixed_18_8_5_3_0_ap_fixed_18_8_5_3_0_8_children_left_read   |  15|          3|    5|         15|
    |grp_decision_function_fu_364_Tree_3_ap_fixed_18_8_5_3_0_5_ap_fixed_18_8_5_3_0_ap_fixed_18_8_5_3_0_8_parent_read          |  15|          3|    4|         12|
    |grp_decision_function_fu_364_Tree_3_ap_fixed_18_8_5_3_0_5_ap_fixed_18_8_5_3_0_ap_fixed_18_8_5_3_0_8_value_V_read         |  15|          3|   11|         33|
    |grp_decision_function_fu_364_Tree_3_ap_fixed_18_8_5_3_0_5_ap_fixed_18_8_5_3_0_ap_fixed_18_8_5_3_0_9_children_left_read   |  15|          3|    5|         15|
    |grp_decision_function_fu_364_Tree_3_ap_fixed_18_8_5_3_0_5_ap_fixed_18_8_5_3_0_ap_fixed_18_8_5_3_0_9_parent_read          |  15|          3|    4|         12|
    |grp_decision_function_fu_364_Tree_3_ap_fixed_18_8_5_3_0_5_ap_fixed_18_8_5_3_0_ap_fixed_18_8_5_3_0_9_value_V_read         |  15|          3|   11|         33|
    |grp_decision_function_fu_364_x_0_V_read                                                                                  |  15|          3|   18|         54|
    |grp_decision_function_fu_364_x_1_V_read                                                                                  |  15|          3|   18|         54|
    |grp_decision_function_fu_364_x_2_V_read                                                                                  |  15|          3|   18|         54|
    |grp_decision_function_fu_364_x_3_V_read                                                                                  |  15|          3|   18|         54|
    |grp_decision_function_fu_364_x_4_V_read                                                                                  |  15|          3|   18|         54|
    |tree_scores_V_address0                                                                                                   |  15|          3|    2|          6|
    |tree_scores_V_address1                                                                                                   |  15|          3|    2|          6|
    |tree_scores_V_d0                                                                                                         |  15|          3|   18|         54|
    |tree_scores_V_d1                                                                                                         |  15|          3|   18|         54|
    +-------------------------------------------------------------------------------------------------------------------------+----+-----------+-----+-----------+
    |Total                                                                                                                    |1443|        289|  868|       2602|
    +-------------------------------------------------------------------------------------------------------------------------+----+-----------+-----+-----------+

    * Register: 
    +-----------------------------+----+----+-----+-----------+
    |             Name            | FF | LUT| Bits| Const Bits|
    +-----------------------------+----+----+-----+-----------+
    |ap_CS_fsm                    |   2|   0|    2|          0|
    |ap_enable_reg_pp0_iter0_reg  |   1|   0|    1|          0|
    |ap_enable_reg_pp0_iter1      |   1|   0|    1|          0|
    |ap_enable_reg_pp0_iter2      |   1|   0|    1|          0|
    |ap_enable_reg_pp0_iter3      |   1|   0|    1|          0|
    |tmp_72_i_reg_629             |  18|   0|   18|          0|
    |tmp_73_i_reg_635             |  18|   0|   18|          0|
    |tmp_74_i_reg_641             |  18|   0|   18|          0|
    |tmp_i_reg_623                |  18|   0|   18|          0|
    |x_0_V_read_reg_593           |  18|   0|   18|          0|
    |x_1_V_read_reg_599           |  18|   0|   18|          0|
    |x_2_V_read_reg_605           |  18|   0|   18|          0|
    |x_3_V_read_reg_611           |  18|   0|   18|          0|
    |x_4_V_read_reg_617           |  18|   0|   18|          0|
    +-----------------------------+----+----+-----+-----------+
    |Total                        | 168|   0|  168|          0|
    +-----------------------------+----+----+-----+-----------+



================================================================
== Interface
================================================================
* Summary: 
+------------------------+-----+-----+------------+---------------+--------------+
|        RTL Ports       | Dir | Bits|  Protocol  | Source Object |    C Type    |
+------------------------+-----+-----+------------+---------------+--------------+
|ap_clk                  |  in |    1| ap_ctrl_hs |     my_prj    | return value |
|ap_rst                  |  in |    1| ap_ctrl_hs |     my_prj    | return value |
|ap_start                |  in |    1| ap_ctrl_hs |     my_prj    | return value |
|ap_done                 | out |    1| ap_ctrl_hs |     my_prj    | return value |
|ap_idle                 | out |    1| ap_ctrl_hs |     my_prj    | return value |
|ap_ready                | out |    1| ap_ctrl_hs |     my_prj    | return value |
|x_0_V                   |  in |   18|   ap_none  |     x_0_V     |    pointer   |
|x_1_V                   |  in |   18|   ap_none  |     x_1_V     |    pointer   |
|x_2_V                   |  in |   18|   ap_none  |     x_2_V     |    pointer   |
|x_3_V                   |  in |   18|   ap_none  |     x_3_V     |    pointer   |
|x_4_V                   |  in |   18|   ap_none  |     x_4_V     |    pointer   |
|score_0_V               | out |   18|   ap_vld   |   score_0_V   |    pointer   |
|score_0_V_ap_vld        | out |    1|   ap_vld   |   score_0_V   |    pointer   |
|score_1_V               |  in |   18|   ap_none  |   score_1_V   |    pointer   |
|tree_scores_V_address0  | out |    2|  ap_memory | tree_scores_V |     array    |
|tree_scores_V_ce0       | out |    1|  ap_memory | tree_scores_V |     array    |
|tree_scores_V_we0       | out |    1|  ap_memory | tree_scores_V |     array    |
|tree_scores_V_d0        | out |   18|  ap_memory | tree_scores_V |     array    |
|tree_scores_V_address1  | out |    2|  ap_memory | tree_scores_V |     array    |
|tree_scores_V_ce1       | out |    1|  ap_memory | tree_scores_V |     array    |
|tree_scores_V_we1       | out |    1|  ap_memory | tree_scores_V |     array    |
|tree_scores_V_d1        | out |   18|  ap_memory | tree_scores_V |     array    |
+------------------------+-----+-----+------------+---------------+--------------+

